testpart3part21 : aodhan567
4 : tfabful
6 : trollkarln123
7 : axehead
7 : zeoxsys
7 : regulusis
9 : tenji240
9 : kyoko8
9 : jmoore21
10 : trollkarln123
11 : ahappygordita
11 : zeoxsys
14 : gujarekwra
16 : darkdoich
16 : cl3rics
17 : ahappygordita
19 : freddy_chocha
22 : chewiy
22 : slyyboogy
24 : veppy
25 : psychostatik
25 : snowymonkeyboy2
25 : aodhan567
27 : psychostatik
29 : ruizhi
30 : timsupreme
30 : slyyboogy
31 : veppy
31 : psychostatik
32 : drunk3nd3mon
35 : tfabful
35 : legolasthy
35 : artiiz
37 : artiiz
37 : lazymike
37 : dofuzz
38 : callmepadre7
38 : freddy_lurker
39 : bullypoppin
39 : ahappygordita
40 : gujarekwra
42 : aodhan567
46 : tfabful
48 : peacotton
50 : l0la7madl0l824
50 : regulusis
53 : tfabful
54 : trollkarln123
56 : asztarte
58 : yoloswagxxqt
58 : ahappygordita
59 : m0t10n
59 : hnlbot
59 : teddyg36
60 : psychostatik
60 : dofuzz
61 : jesticgaming
62 : aodhan567
63 : xxzoomoozxx
63 : iplaymasta
64 : walkersmack
64 : shellsman
65 : lemonsquezee
65 : cl3rics
66 : aodhan567
66 : mr_hova13
66 : etgsc2
67 : hnlbot
70 : kingpotatoo
72 : gujarekwra
73 : snowymonkeyboy2
75 : ryanlane_
76 : lazymike
76 : alexthearcher
77 : soulrax
78 : keltix22
78 : bubberdunkey
79 : aodhan567
84 : legolasthy
86 : teddyg36
88 : slothandstuff
88 : hzarim
89 : ryanlane_
91 : pehmew
93 : mr_hova13
101 : lemonsquezee
102 : jesticgaming
106 : ruizhi
113 : keltix22
114 : regulusis
116 : davodoz
120 : ahappygordita
122 : hnlbot
126 : bubberdunkey
126 : regulusis
131 : xxzoomoozxx
133 : timsupreme
139 : teddyg36
140 : snowymonkeyboy2
141 : ahappygordita
142 : jesticgaming
142 : ajamba
144 : trollkarln123
152 : skyz_deity
154 : slothandstuff
164 : twitchnotify
164 : hnlbot
164 : cuda
164 : snowymonkeyboy2
172 : kneckt
172 : zeoxsys
176 : lemonsquezee
177 : sudsbury11j
179 : hnlbot
189 : davodoz
196 : digowan
197 : teddyg36
198 : l0la7madl0l824
198 : gujarekwra
200 : ajamba
201 : trollkarln123
202 : arcanodieciseis
205 : codyydoc
205 : soulspoppin
206 : ya3mour
206 : ajamba
206 : maydeyn
206 : ekoorb03
207 : teddyg36
208 : gujarekwra
210 : thebr0ther
210 : lemonsquezee
214 : gujarekwra
testpart3part21 : zeoxsys
1 : regulusis
2 : zeoxsys
3 : jetkap
4 : 5pitfirecs
6 : walkersmack
8 : ocypode
11 : sorryforhealingyou
11 : kalaratic
11 : ajamba
13 : mrnotex
13 : 5pitfirecs
15 : aodhan567
15 : broken349
15 : ajamba
16 : hnlbot
18 : stefanhuberthb
24 : davodoz
25 : aodhan567
29 : joeymanoey3
29 : snowymonkeyboy2
33 : jakecgator
39 : 5pitfirecs
43 : callmepadre7
46 : regulusis
52 : davodoz
54 : asztarte
55 : slothandstuff
55 : etgsc2
56 : trollsoldat
57 : 5pitfirecs
57 : joshenz
58 : ajamba
58 : regulusis
59 : joshenz
59 : cl3rics
59 : aodhan567
59 : tenji240
59 : peacotton
60 : zeoxsys
62 : ajamba
63 : aodhan567
65 : psychostatik
65 : teddyg36
66 : kriskane
66 : nitrogen98
66 : chunceslittlemember
66 : ekkeee
66 : synergeticgaming
68 : m0t10n
69 : hofbrauwatts
69 : llyndseyy
72 : far2famous
78 : snowymonkeyboy2
78 : aodhan567
80 : hnlbot
80 : kriskane
81 : teddyg36
82 : zeoxsys
86 : thebr0ther
87 : cl3rics
90 : joshenz
90 : itsdestin
91 : lemonsquezee
92 : nuziatella
92 : hofbrauwatts
93 : aodhan567
95 : shellsman
97 : lemonsquezee
97 : ryanlane_
97 : kalaratic
98 : callmepadre7
98 : orngmarmelad
98 : sinrytael
99 : dofuzz
99 : far2famous
100 : lemonsquezee
100 : etgsc2
100 : cheesepufftz
101 : teddyg36
101 : lohazonouar
101 : jetkap
101 : xdrfrankensteinx
102 : davodoz
102 : freddy_chocha
103 : etgsc2
103 : captain_teemo_on_duty
105 : ruizhi
106 : sudsbury11j
107 : codyydoc
107 : drrrek
107 : trollsoldat
109 : teddyg36
109 : gujarekwra
109 : holakoq8
109 : psychostatik
109 : stefanhuberthb
109 : slothandstuff
111 : joshenz
111 : psychostatik
111 : sudsbury11j
111 : ajamba
111 : pandaswede
111 : zeoxsys
113 : gujarekwra
113 : jakecgator
114 : pehmew
114 : faofas
114 : regulusis
114 : slothandstuff
115 : slyyboogy
115 : ajamba
116 : lazymike
116 : dwarfykins94
116 : kylefromthenorth
118 : kylefromthenorth
118 : nakunami
118 : psychostatik
118 : pandaswede
120 : snowymonkeyboy2
121 : walkersmack
121 : sinrytael
121 : joeymanoey3
122 : dwarfykins94
125 : gujarekwra
128 : drunk3nd3mon
131 : orngmarmelad
131 : timsupreme
132 : xdrfrankensteinx
132 : arcanodieciseis
133 : lemonsquezee
135 : stekskes
135 : jakecgator
137 : zemni_
137 : slothandstuff
137 : sinrytael
139 : kriskane
139 : hnlbot
141 : wotscheints
141 : ajamba
148 : teddyg36
152 : teddyg36
154 : ajamba
154 : bringvanillaback
155 : pandaswede
156 : aodhan567
157 : doomedlion
158 : cheesepufftz
160 : cl3rics
161 : aodhan567
161 : fyzicul
161 : snowymonkeyboy2
163 : xdrfrankensteinx
163 : regulusis
167 : ajamba
168 : far2famous
169 : l0la7madl0l824
170 : aodhan567
171 : jetkap
171 : bubberdunkey
174 : nietoo13
174 : ajamba
175 : cheesepufftz
175 : jetkap
176 : locturnaltv
178 : thepostura
179 : slothandstuff
195 : slothandstuff
198 : slothandstuff
200 : hnlbot
202 : pandaswede
204 : jakecgator
207 : hnlbot
208 : anunknownshadow
208 : teddyg36
212 : snowymonkeyboy2
215 : ajamba
225 : danoobe
226 : teddyg36
232 : zeoxsys
235 : drrrek
236 : stekskes
236 : pandaswede
236 : stefanhuberthb
236 : kalaratic
236 : nuziatella
237 : captain_teemo_on_duty
237 : hadokenryu
237 : risenrenegade
239 : callmepadre7
240 : legolasthy
240 : far2famous
240 : davodoz
240 : rustideath
240 : vezyxd
241 : yaku00
241 : legolasthy
242 : dofuzz
243 : cl3rics
244 : xdrfrankensteinx
244 : 5pitfirecs
245 : l0la7madl0l824
245 : slothandstuff
245 : gujarekwra
246 : faofas
246 : fyzicul
247 : stekskes
248 : faofas
248 : izklol
248 : totalberzerk
249 : nakunami
249 : enzerious
250 : marine_mike
251 : ak1knight
251 : dwarfykins94
251 : lazymike
251 : thepostura
252 : arcanodieciseis
254 : teddyg36
254 : fukingviking
255 : dylanl9
256 : stekskes
260 : aodhan567
261 : ajamba
262 : far2famous
263 : gujarekwra
263 : ajamba
264 : xdrfrankensteinx
264 : teddyg36
266 : arcanodieciseis
267 : joshenz
271 : slothandstuff
272 : ajamba
276 : kuuhaku_
278 : zeoxsys
281 : joshenz
284 : nakunami
284 : joshenz
291 : ajamba
291 : thepostura
295 : joshenz
295 : jetkap
295 : stekskes
296 : cl3rics
299 : ajamba
300 : zeoxsys
300 : jakecgator
300 : kalaratic
301 : swedish_remixer
302 : callmepadre7
302 : dofuzz
302 : swedish_remixer
304 : angel__m
305 : ajamba
305 : joshenz
307 : jetkap
308 : drunk3nd3mon
309 : trollkarln123
311 : adoxume
311 : psychostatik
316 : llyndseyy
317 : ajamba
317 : lazymike
317 : joshenz
320 : far2famous
320 : hnlbot
320 : skyz_deity
321 : joshenz
322 : psychostatik
323 : gujarekwra
323 : snowymonkeyboy2
325 : suizaki
326 : tfabful
327 : drunk3nd3mon
329 : artiiz
333 : suizaki
334 : joshenz
336 : regulusis
338 : joshenz
340 : ajamba
342 : joshenz
343 : psychostatik
344 : pyahpyahpy4h
348 : swedish_remixer
350 : ajamba
350 : trollkarln123
351 : psychostatik
354 : suizaki
354 : drunk3nd3mon
355 : aodhan567
355 : angel__m
356 : pehmew
357 : aodhan567
358 : vhessuviex
359 : suizaki
359 : kiaeu
359 : mayushii_desu
359 : dragon_jumper
359 : 1cashews1
359 : tw38
359 : hnlbot
359 : vertsi
359 : aodhan567
360 : deadmethod
