4 : PogChamp
6 : PogChamp
7 : PogChamp
7 : Kreygasm
9 : moon2TEEHEE
9 : moon2TEEHEE
9 : PogChamp
10 : Kreygasm
16 : sodaC
16 : sodaC
16 : sodaC
29 : sodaC
29 : sodaHP
32 : sodaUMAD
32 : sodaUMAD
32 : sodaUMAD
32 : sodaUMAD
32 : sodaUMAD
32 : sodaUMAD
37 : Kreygasm
37 : sodaNLT
37 : PogChamp
46 : DansGame
48 : DansGame
48 : DansGame
48 : DansGame
48 : DansGame
48 : DansGame
50 : sodaHP
58 : sodaHP
58 : sodaS
58 : sodaHP
58 : sodaS
58 : sodaHP
58 : sodaS
58 : sodaHP
59 : sodaHP
59 : sodaFeels
63 : sodaFeels
64 : sodaL
66 : sodaFeels
76 : sodaL
76 : sodaHP
78 : sodaG
91 : sodaHP
101 : sodaHP
106 : sodaPEPE
116 : WutFace
120 : Kreygasm
126 : ANELE
133 : ANELE
140 : ANELE
141 : Kappa
164 : xanHY
164 : xanPE
164 : bingOMG
164 : sodaS
164 : uwotS
164 : sodaG
164 : 4Head
177 : uwotS
196 : DansGame
201 : Kreygasm
202 : sodaHP
206 : sodaG
206 : sodaG
206 : sodaG
206 : sodaG
206 : sodaG
3 : SeemsGood
4 : sodaG
4 : sodaG
4 : sodaG
4 : sodaG
4 : sodaG
4 : sodaG
4 : sodaG
4 : sodaG
13 : sodaMicMuted
13 : sodaMicMuted
13 : sodaMicMuted
13 : sodaMicMuted
13 : sodaMicMuted
29 : Kappa
33 : sodaFeels
39 : sodaFeels
52 : TriHard
56 : PJSalt
59 : PJSalt
59 : TriHard
63 : Kappa
65 : PJSalt
65 : HotPokket
66 : TriHard
66 : TriHard
66 : TriHard
69 : sodaG
78 : nocSalty
78 : lirikSALT
80 : PogChamp
81 : sodaL
91 : KappaPride
93 : sodaL
95 : sodaL
97 : KappaPride
97 : KappaPride
98 : DansGame
98 : sodaL
98 : sodaL
99 : TriHard
101 : sodaL
102 : sodaL
102 : DansGame
105 : sodaUMAD
111 : sodaVN
111 : sodaVN
111 : sodaVN
111 : sodaVN
113 : sodaUMAD
114 : Kreygasm
116 : sodaL
116 : <3
116 : <3
120 : sodaVN
121 : TriHard
128 : sodaFF
132 : sodaPUKE
133 : DansGame
135 : sodaHP
139 : BibleThump
139 : BibleThump
158 : PogChamp
163 : PogChamp
163 : PogChamp
168 : PogChamp
169 : PogChamp
171 : PogChamp
171 : PogChamp
174 : DansGame
179 : sodaW
225 : sodaG
225 : sodaHP
236 : sodaHYPE
236 : sodaHYPE
236 : sodaHYPE
236 : sodaHYPE
236 : sodaHYPE
236 : sodaW
236 : SeemsGood
237 : DansGame
237 : KappaPride
239 : DansGame
240 : DansGame
240 : SeemsGood
243 : DansGame
247 : sodaHYPE
247 : sodaHYPE
247 : sodaHYPE
247 : sodaHYPE
247 : sodaHYPE
250 : KappaPride
251 : sodaHYPE
251 : sodaHYPE
251 : sodaHYPE
251 : sodaHYPE
254 : sodaPUKE
254 : sodaPUKE
254 : sodaPUKE
254 : sodaPUKE
256 : sodaHYPE
256 : sodaHYPE
256 : sodaHYPE
256 : sodaHYPE
256 : sodaHYPE
256 : sodaHYPE
256 : sodaHYPE
256 : sodaHYPE
256 : sodaHYPE
256 : sodaHYPE
260 : sodaG
264 : sodaPUKE
266 : anything4Smile
266 : sodaHP
267 : sodaHP
267 : sodaHP
267 : sodaHP
272 : sodaMOD
272 : sodaMOD
272 : sodaMOD
272 : sodaMOD
272 : sodaMOD
272 : sodaMOD
278 : Kreygasm
295 : SwiftRage
295 : PogChamp
296 : sodaLOUDER
302 : PogChamp
302 : sodaW
304 : DansGame
305 : SwiftRage
308 : sodaLOUDER
316 : sodaLOUDER
317 : sodaMicMuted
317 : sodaMicMuted
317 : sodaLOUDER
317 : sodaLOUDER
317 : sodaLOUDER
317 : sodaLOUDER
317 : sodaNLT
317 : sodaNLT
317 : sodaNLT
317 : sodaNLT
320 : BibleThump
323 : Kappa
327 : sodaLOUDER
327 : sodaLOUDER
327 : sodaLOUDER
327 : sodaLOUDER
327 : sodaLOUDER
327 : sodaLOUDER
348 : sodaW
354 : sodaG
355 : BibleThump
359 : PogChamp
359 : PogChamp
