1 : @Kyoko8, it came FeelsAmazingMan
4 : PogChamp
6 : PogChamp
7 : PogChamp
7 : this song Kreygasm
7 : soda - open heirlooms tab, there is an appearance tab with all tmogs, u dont have to search bosses
9 : moon2TEEHEE TEEHEE moon2TEEHEE
9 : @PsychoStatik, PogChamp
9 : This Teehee is out of control FeelsBadMan
10 : Kreygasm
11 : LOOOOOOOOOOOOOL
11 : AngelThump
14 : Ooh, that's why I can see people's messages without them flying past
16 : sodaC sodaC sodaC
16 : ANSWER
17 : Ignored
19 : lol didn't answer
22 : Ignored LUL
22 : lol
24 : Scams aaa
25 : Thanks for the answer KKonma
25 : Ignored
25 : mod got ignored LUL
27 : KKona
29 : sodaC sodaHP
30 : DIDNT ANSWER LUL
30 : I APPRECIATE CHU
31 : Ignoreddddd
31 : KKona 7
32 : Ignored sodaUMAD sodaUMAD sodaUMAD sodaUMAD sodaUMAD sodaUMAD
35 : SourPls dittoPride SourPls dittoPride SourPls dittoPride SourPls dittoPride SourPls dittoPride SourPls dittoPride SourPls dittoPride SourPls dittoPride SourPls dittoPride
35 : Yee Yee Kkona
35 : This music Kremises
37 : Kreygasm
37 : TeeHee new Meme sodaNLT
37 : MULAN PogChamp ?
38 : IDK...TRY SHIFT FUCKING P
38 : ignored LUL
39 : Ignored FeelsBadMan
39 : KKona 7
40 : Check Pandaria @sodapoppin
42 : TEEHEE LUL
46 : take off sub mode DansGame
48 : 1 OF THE 5 DansGame 1 OF THE 5 DansGame 1 OF THE 5 DansGame 1 OF THE 5 DansGame 1 OF THE 5 DansGame
50 : sodaHP LUL
50 : soda - open heirlooms tab, there is an appearance tab with all tmogs, u dont have to search bosses
53 : SourPls dittoPride SourPls dittoPride SourPls dittoPride SourPls dittoPride SourPls dittoPride SourPls dittoPride SourPls dittoPride SourPls dittoPride SourPls dittoPride
54 : SourPls dittoPride SourPls dittoPride SourPls dittoPride SourPls dittoPride SourPls dittoPride SourPls dittoPride SourPls dittoPride SourPls dittoPride SourPls dittoPride
56 : SourPls
58 : sodaHP sodaS sodaHP sodaS sodaHP sodaS sodaHP
58 : WOW
59 : SourPls
59 : Check out the official Sodapoppin subreddit: https://www.reddit.com/r/OfficialSodapoppin/
59 : sodaHP Whisper me a  and i'll unlock the cage. sodaFeels
60 : lol
60 : SourPls
61 : SELF REFLECTING MASK
62 : SourPls that song
63 : PIST
63 : sodaFeels
64 : Triggered my Tee Hee LUL
64 : the love is here sodaL
65 : http://imgur.com/a/Cbvvj http://imgur.com/a/Cbvvj http://imgur.com/a/Cbvvj
65 : SourPls RareParrot SourPls RareParrot SourPls RareParrot SourPls RareParrot
66 : RareParrot
66 : dittoPride dittoPride dittoPride dittoPride dittoPride dittoPride dittoPride dittoPride dittoPride dittoPride dittoPride dittoPride dittoPride dittoPride dittoPride dittoPride dittoPride
66 : sodaFeels
67 : Welcome back yameswow (3 months) kiriPotato kiriPotato
70 : Stream ending FeelsBadMan
72 : Pandaria stuff my dude
73 : TeeHee
75 : Hmm
76 : sodaL
76 : sodaHP STOP TROLLING
77 : but its in submode FeelsBadMan
78 : MONK TIER 14 CHANCE SOOOO GOOD
78 : sodaG
79 : RareParrot fuck plebs, we're dancing
84 : Lightbringer tabard would look good.
86 : RareParrot
88 : Tabard of the Frost is the most expensive one aswell
88 : RossPls RossPls RossPls
89 : Fund his life style and he doesnt care for us FeelsBadMan
91 : sodaHP
93 : dittoPride RareParrot dittoPride RareParrot dittoPride RareParrot dittoPride RareParrot dittoPride RareParrot dittoPride RareParrot dittoPride RareParrot dittoPride RareParrot dittoPride RareParrot
101 : sodaHP someone donate this plebs http://imgur.com/a/Cbvvj
102 : SELF REFLECTING MASK
106 : sodaPEPE
113 : @Sodapoppin, Tier 14 for monks!
114 : soda - open heirlooms tab, there is an appearance tab with all tmogs, u dont have to search bosses
116 : WutFace
120 : MEMBRANE Kreygasm
122 : Welcome back adnartion (13 months) kiriPotato kiriPotato
126 : ANELE
126 : soda - open heirlooms tab, there is an appearance tab .with all tmogs, u dont have to search bosses
131 : FLUTE
133 : ANELE
139 : RareParrot
140 : ANELE
141 : Nice dancing Kappa
142 : SELF REFLECTING MASK
142 : Wheres the kitteh!??
144 : RareParrot
152 : Blue blood fang armor
154 : Soda old Tier sets can be used by other Classes now aswell like tier 3 Druid can be used by Rouge
164 : Stekskes just subscribed!
164 : Stekskes just subscribed kiriPotato
164 : xanHY xanPE bingOMG Welcome Stekskes sodaS uwotS sodaG
164 : notRareParrot 4Head
172 : AngelThump
172 : AngelThump
176 : http://imgur.com/a/Cbvvj http://imgur.com/a/Cbvvj http://imgur.com/a/Cbvvj http://imgur.com/a/Cbvvj http://imgur.com/a/Cbvvj
177 : uwotS
179 : Official Sodapoppin T-Shirts now on sale at http://bit.ly/SodaStore
189 : 10/10
196 : SUB MODE DansGame
197 : @Lemonsquezee, LUL
198 : no
198 : You can buy Legion Medallions to get their rep super easy
200 : nahh
201 : Kreygasm
202 : sodaHP
205 : its lame
205 : AngelThump
206 : draenor stuff really hard
206 : ez fam
206 : WoD rep
206 : sodaG sodaG sodaG sodaG sodaG
207 : http://imgur.com/a/Cbvvj http://imgur.com/a/Cbvvj
208 : You can still get it if you have a Garrison
210 : Finally me getting subbed is getting rewarded
210 : http://imgur.com/a/Cbvvj
214 : Requires you to have a Trading Post
1 : https://www.youtube.com/watch?v=nw5Mc5bpq-A song name
1 : soda - open heirlooms tab, there is an appearance tab with all tmogs, u dont have to search bosses
2 : https://www.youtube.com/watch?v=nw5Mc5bpq-A song name
3 : SeemsGood
4 : sup plebs sodaG sodaG sodaG sodaG sodaG sodaG sodaG sodaG
6 : LUL
8 : Buy alot of Medallion of the draenors from AH and get the rep for it
11 : I hated the rep grind for them
11 : SourPls
11 : its dope
13 : chest sucks
13 : sodaMicMuted sodaMicMuted sodaMicMuted sodaMicMuted sodaMicMuted
15 : RareParrot
15 : Dope
15 : use it
16 : Welcome back paronmer3 (16 months) kiriPotato kiriPotato
18 : @Sodapoppin, soda - open heirlooms tab, there is an appearance tab with all tmogs, u dont have to search bosses
24 : garrison LUL
25 : teehee RareParrot
29 : you can just buy the rep on ah i think
29 : Bottom half? Kappa
33 : sodaPls sodaFeels
39 : sodaFeels
43 : Finally
46 : finally
52 : very TriHard
54 : LUL
55 : lol
55 : LUL
56 : PJSalt
57 : TEE HEE
57 : TRIGGERED
58 : nahhhh
58 : LUL
59 : PJSalt
59 : LUL
59 : teehee
59 : LUL
59 : TriHard
60 : 
62 : that is ugly
63 : TEEHEE Kappa
65 : PJSalt
65 : TRIGGERED HotPokket
66 : TriHard
66 : TriHard
66 : no
66 : LUL
66 : TriHard ?
68 : Neet
69 : TRIGGERED. WHITE KNIGHT. CHANCE
69 : sodaG
72 : FeelsBadMan
78 : nocSalty lirikSALT
78 : FeelsBadMan choking
80 : Join the Sodapoppin discord https://discord.gg/sodapoppin
80 : PogChamp
81 : sodaL
82 : RossPls
86 : HE WAS EXPECTING AN INSULT
87 : he was waiting for the teehee LUL
90 : WHITE KNIGHT
90 : RossPls
91 : KappaPride
92 : what about prideful glad helm?
92 : WHITE KNIGHT
93 : sodaL
95 : sodaL
97 : KappaPride KappaPride
97 : White knight as fuck
97 : SourPls
98 : DansGame EW stop knighting here
98 : sodaL
98 : sodaL
99 : WHITE KNIGHT LUL
99 : I WILL SURVIVE TriHard SourPls
100 : http://imgur.com/a/Cbvvj http://imgur.com/a/Cbvvj http://imgur.com/a/Cbvvj http://imgur.com/a/Cbvvj
100 : white knight bitch
100 : These donations are so gay
101 : RossPls
101 : sodaL
101 : SourPls
101 : proud white knight LUL
102 : thanks for being a beta cuck sodaL
102 : White knight DansGame
103 : LUL
103 : RossPls
105 : sodaUMAD
106 : LOOK ON YOUR FACE!
107 : we got a winner
107 : no ew
107 : yes
109 : @Sodapoppin, http://imgur.com/a/Cbvvjhttp://imgur.com/a/Cbvvjhttp://imgur.com/a/Cbvvj
109 : Oh yeah
109 : yes
109 : SourPls
109 : yes
109 : no
111 : YES
111 : SourPls
111 : I WILL SURVIVE!!!
111 : EWWWWWW
111 : sodaVN sodaVN sodaVN sodaVN
111 : yeah
113 : Get the Monk feel on man!
113 : sodaUMAD
114 : Gloria Kreygasm
114 : YES
114 : @sodapoppin, that appearance tab shows all tmogs not only the ones u own tho
114 : its Ugly AF
115 : why don't you just suck his dick already LUL
115 : nahhhhhh
116 : sodaL <3 <3
116 : Yes
116 : Hi
118 : Bye
118 : no
118 : ehhh
118 : @slothandstuff stfu
120 : sodaVN
121 : we need someone to pre read these donos to make sure they dont break the cringe-o-meter
121 : I WILL SURVIVE TriHard
121 : ugly
122 : It's cool
125 : Throne of Thunder in Pandaria @sodapoppin
128 : More Teehee Less love, plebs sodaFF
131 : http://imgur.com/a/Cbvvj http://imgur.com/a/Cbvvj
131 : EASY
132 : NO EW sodaPUKE
132 : Awful ching chong hat
133 : WHat is this Mortal Kombat Trans DansGame
135 : sodaHP
135 : RareParrot
137 : teehee
137 : PandaSwede you swedish fuck stfu
137 : (puke)
139 : Harambe didn't survive BibleThump
139 : BibleThump
141 : this helm is too easy
141 : use the appearances tab
148 : @Sinrytael,  :police: Not so fast
152 : 
154 : RIP BANTU & HARAMBE
154 : No you wont survive Whitney RIP
155 : @slothandstuff I'd fuck your bitch
156 : COOL LUL
157 : he said it
158 : PogChamp
160 : HE SAID IT
161 : TEEHEE
161 : damn
161 : Da lar in
163 : PogChamp
163 : PogChamp
167 : BANTU DIDNT SURVIVE
168 : TEEHEE PogChamp
169 : PogChamp
170 : TRANSMOG ???
171 : PogChamp
171 : PogChamp
174 : Submode DansGame
174 : HARAMBE DIDNT SURVIVE
175 : lol
175 : LINK
176 : biast debs obviously play rogues and ww's
178 : eww no
179 : PandaSwede Single Sorry dud sodaW
195 : chat ?
198 : u ded
200 : Want to get rid of, donate or trade up various in game items? Check out the 'SKF Pay' by hitting the 'SKF Pay' donation button below the stream or visit https://www.skfpay.com
202 : @slothandstuff yes
204 : Yes
207 : Welcome back Goin_in_dry (5 months) kiriPotato kiriPotato
208 : yes
208 : yes
212 : You want a BOE helm
215 : No chance that helm is trash
225 : sodaG sodaHP
226 : why are the plebs caged?
232 : why are we in sub only though
235 : noo
236 : sodaHYPE sodaHYPE sodaHYPE sodaHYPE sodaHYPE
236 : @slothandstuff when aren't you single? sodaW
236 : yes!
236 : SeemsGood
236 : looks good
237 : DansGame
237 : KappaPride
237 : yes
239 : DansGame
240 : BESAT
240 : DansGame
240 : SeemsGood
240 : ehh
240 : omg yes
241 : yes!
241 : BEAST
242 : yes
243 : DansGame
244 : not the helm pls
244 : UGLY AS FUCK
245 : yes
245 : other Belt Please it Ruins the Tabard
245 : Eh
246 : eys
246 : it matches but i hate the mop helms
247 : sodaHYPE sodaHYPE sodaHYPE sodaHYPE sodaHYPE BEAST
248 : yes
248 : 7/10
248 : Yes!
249 : no, take the one earlier.
249 : The helm kind of ruins it
250 : KappaPride
251 : you look like that mortal kombat guy
251 : sodaHYPE sodaHYPE sodaHYPE sodaHYPE
251 : it's ok
251 : meh
252 : No ching chong hat
254 : sodaPUKE sodaPUKE sodaPUKE sodaPUKE
254 : @Sodapoppin, use the transmog system you fool!
255 : nooooo
256 : sodaHYPE sodaHYPE sodaHYPE sodaHYPE sodaHYPE sodaHYPE sodaHYPE sodaHYPE sodaHYPE sodaHYPE
260 : eh sodaG
261 : yeeahhhhhhh bb
262 : k then go for it
263 : As long as you change the tabard, it'll be good
263 : its hype
264 : the helm is puke sodaPUKE
264 : 
266 : anything4Smile sodaHP hey plebs, throw a little meme for me
267 : sodaHP sodaHP sodaHP
271 : Soda it Cuts the Tabard so get another belt its Ugly to look at
272 : sodaMOD sodaMOD sodaMOD sodaMOD sodaMOD sodaMOD
276 : 
278 : the middle Kreygasm
281 : THE MIDDLE
284 : @sodapoppin disable tabard and get a awesome chest
284 : LES FUCKING GO CHAT
291 : ^
291 : head and shoulders are a bit off together
295 : LOUDER CHANCE SwiftRage
295 : PogChamp Song
295 : to damn blue
296 : sodaLOUDER
299 : LOUDER
300 : SourPls
300 : RareParrot boots and pants RarestParrot
300 : SourPls
301 : hi
302 : WHY DON'T YOU GO THE APPEARANCES TAB AND BROWSE THEM...I need to calm the fuck down
302 : THIS SONG PogChamp
302 : sodaW
304 : sub mode ? DansGame
305 : LOUDER PLSSSS
305 : LOUDDEERRRRRRR SwiftRage
307 : SourPls
308 : sodaLOUDER
309 : SourPls
311 : oh it is sub mode LUL
311 : IT JUST TAKES SOME TIME
316 : sodaLOUDER
317 : sodaMicMuted sodaMicMuted sodaLOUDER sodaLOUDER sodaLOUDER sodaLOUDER sodaNLT sodaNLT sodaNLT sodaNLT
317 : SourPls
317 : ALRIGHT ALRIGHT
320 : BibleThump it just takes some time
320 : Subs vote for Shit Show Saturday #142 (September 24th) via http://streampoll.tv/t/551 or with !vote <game> in chat.
320 : SUBMODE!!!!
321 : LOUDER CHANCE
322 : SourPls
323 : You can save sets too with the Outfit window Chance
323 : No it's not sub mode it's just no plebs are in chat Kappa
325 : rip too blue
326 : stfu chance, we want to listen to the music
327 : sodaLOUDER sodaLOUDER sodaLOUDER sodaLOUDER sodaLOUDER sodaLOUDER
329 : How does Demon Hunter's get to their Order Hall, from like Stormheim ?
333 : subs arent real
334 : STFU
336 : TREMOG
338 : I WANNA HEAR SONG
340 : Doesnt even read chat smh
342 : IT JUST TAKES SOME TIME
343 : can we take off submode
344 : bad helm
348 : hi sodaW
350 : ittll be just fine
350 : SourPls ALRIGHT SourPls ALRIGHT
351 : imma do it
354 : ok yes
354 : Tremog's are nice sodaG
355 : no @PsychoStatik
355 : i miss you plebs BibleThump
356 : no
357 : stop
358 : Plebs inc
359 : i miss reading chat
359 : FREEDOM OF SPEECH
359 : teehee
359 : FREEDOM
359 : !song
359 : FREEDOM PogChamp
359 : @1cashews1 check here for the song: http://www.twitchecho.com/sodapoppin
359 : FREEDOM PogChamp
359 : fuck the plebs
360 : what shoulders???
