3 : KingMe
5 : Kappa
6 : KappaPride
1 : Kappa
1 : R
1 : R
2 : FailFish
2 : WutFace
2 : PogChamp
2 : Kappa
4 : Kappa
4 : Kappa
6 : PogChamp
6 : NotLikeThis
6 : NotLikeThis
6 : NotLikeThis
6 : NotLikeThis
6 : NotLikeThis
8 : Kappa
9 : Kappa
9 : DansGame
11 : Kappa
14 : Kreygasm
15 : Kappa
16 : Kappa
18 : Kappa
18 : SeemsGood
18 : Kappa
19 : DansGame
19 : DansGame
19 : DansGame
19 : DansGame
25 : sodaG
27 : Kappa
30 : SeemsGood
30 : SeemsGood
30 : SeemsGood
30 : SeemsGood
30 : SeemsGood
30 : SeemsGood
30 : SeemsGood
30 : SeemsGood
30 : SeemsGood
30 : SeemsGood
30 : SeemsGood
30 : SeemsGood
30 : SeemsGood
30 : SeemsGood
30 : SeemsGood
30 : SeemsGood
30 : SeemsGood
31 : DansGame
32 : WutFace
37 : sodaS
38 : Kreygasm
39 : SeemsGood
39 : SeemsGood
39 : SeemsGood
39 : SeemsGood
39 : SeemsGood
39 : SeemsGood
39 : SeemsGood
39 : SeemsGood
39 : SeemsGood
39 : SeemsGood
39 : SeemsGood
39 : SeemsGood
39 : SeemsGood
39 : SeemsGood
39 : SeemsGood
39 : SeemsGood
39 : SeemsGood
39 : SeemsGood
39 : PogChamp
39 : PogChamp
39 : PogChamp
39 : PogChamp
39 : PogChamp
39 : PogChamp
40 : Kappa
41 : Kreygasm
46 : PogChamp
46 : PogChamp
46 : PogChamp
46 : PogChamp
46 : PogChamp
48 : WutFace
51 : Kappa
59 : Kappa
60 : sodaL
60 : :)
62 : NotLikeThis
62 : NotLikeThis
62 : NotLikeThis
62 : NotLikeThis
62 : NotLikeThis
62 : NotLikeThis
62 : NotLikeThis
62 : NotLikeThis
62 : NotLikeThis
64 : Kappa
68 : Kappa
77 : Kappa
78 : PogChamp
80 : PogChamp
80 : PogChamp
80 : PogChamp
80 : PogChamp
82 : DansGame
87 : cotyDerp
87 : Kappa
89 : TriHard
93 : TriHard
93 : TriHard
93 : Kappa
93 : TriHard
94 : TriHard
95 : PogChamp
95 : DansGame
97 : DansGame
100 : TriHard
100 : TriHard
100 : SeemsGood
100 : SeemsGood
100 : SeemsGood
100 : SeemsGood
100 : SeemsGood
100 : SeemsGood
100 : SeemsGood
100 : SeemsGood
100 : SeemsGood
100 : SeemsGood
100 : SeemsGood
100 : SeemsGood
100 : SeemsGood
100 : SeemsGood
100 : SeemsGood
100 : SeemsGood
100 : SeemsGood
100 : SeemsGood
101 : Kappa
103 : DansGame
103 : DansGame
106 : DansGame
107 : DansGame
108 : DansGame
109 : DansGame
109 : DansGame
109 : DansGame
109 : DansGame
109 : DansGame
109 : DansGame
109 : DansGame
109 : WutFace
109 : :)
109 : KappaPride
110 : DansGame
111 : Kappa
112 : DansGame
116 : DansGame
117 : SwiftRage
119 : Kappa
119 : Kappa
121 : DansGame
122 : Kappa
122 : DatSheffy
123 : Kappa
129 : Kappa
129 : EleGiggle
132 : PogChamp
133 : PogChamp
133 : Kappa
134 : Kappa
134 : Kappa
134 : Kappa
135 : SeemsGood
136 : PogChamp
136 : Kappa
136 : Kreygasm
137 : Kappa
137 : KappaPride
137 : Kappa
138 : PogChamp
138 : Kappa
138 : Kappa
140 : Kreygasm
140 : Kreygasm
140 : Kreygasm
140 : Kreygasm
140 : Kreygasm
140 : Kreygasm
140 : Kreygasm
140 : Kreygasm
140 : Kreygasm
140 : KappaPride
140 : PogChamp
141 : NotLikeThis
141 : NotLikeThis
141 : NotLikeThis
141 : NotLikeThis
141 : NotLikeThis
141 : NotLikeThis
141 : NotLikeThis
141 : NotLikeThis
141 : NotLikeThis
141 : NotLikeThis
142 : PogChamp
142 : Kappa
142 : PogChamp
142 : Kappa
142 : PogChamp
144 : PogChamp
144 : Kreygasm
144 : PogChamp
144 : Kreygasm
144 : PogChamp
144 : Kreygasm
144 : PogChamp
144 : Kreygasm
144 : PogChamp
144 : Kreygasm
144 : PogChamp
144 : Kreygasm
144 : PogChamp
144 : Kreygasm
144 : PogChamp
144 : Kreygasm
145 : PogChamp
147 : Kreygasm
150 : Kreygasm
154 : Kreygasm
163 : PogChamp
168 : sodaLOUDER
168 : sodaLOUDER
168 : sodaLOUDER
168 : sodaLOUDER
168 : sodaLOUDER
168 : sodaLOUDER
168 : sodaLOUDER
171 : PogChamp
172 : KAPOW
173 : Kappa
175 : Kappa
177 : Kreygasm
177 : Kreygasm
180 : BabyRage
180 : Kappa
181 : Kappa
182 : DansGame
184 : Kappa
188 : Kappa
188 : sodaSO
188 : sodaSO
188 : sodaSO
188 : sodaSO
188 : sodaSO
188 : sodaSO
189 : BabyRage
189 : BabyRage
191 : Kappa
192 : Kappa
192 : TriHard
194 : Kappa
197 : BabyRage
197 : BabyRage
197 : BabyRage
197 : BabyRage
197 : BabyRage
197 : BabyRage
197 : BabyRage
197 : BabyRage
197 : BabyRage
197 : BabyRage
199 : Kappa
201 : KAPPA
204 : Kreygasm
205 : Kappa
205 : Kappa
205 : xanHY
205 : xanPE
205 : bingOMG
205 : sodaS
205 : uwotS
205 : sodaG
205 : Kappa
208 : Kappa
208 : Kappa
212 : Kappa
213 : PogChamp
214 : Kappa
216 : DansGame
219 : Kappa
220 : BabyRage
220 : BabyRage
220 : BabyRage
232 : Kappa
238 : sodaL
246 : EleGiggle
252 : WutFace
253 : WutFace
253 : sodaC
253 : sodaC
254 : WutFace
266 : sodaSO
266 : sodaSO
266 : sodaSO
277 : Kappa
277 : WutFace
281 : PogChamp
281 : Kappa
285 : TriHard
288 : TriHard
288 : TriHard
290 : 4Head
291 : TriHard
291 : cmonBruh
293 : TriHard
294 : TriHard
296 : TriHard
296 : TriHard
296 : TriHard
296 : TriHard
298 : TriHard
299 : TriHard
300 : Kappa
302 : DansGame
303 : WutFace
304 : DansGame
304 : DansGame
307 : WutFace
318 : sodaW
319 : WutFace
319 : WutFace
324 : sodaS
327 : sodaHP
337 : NotLikeThis
352 : PogChamp
352 : Kappa
354 : TriHard
358 : 4Head
358 : 4Head
358 : 4Head
358 : 4Head
359 : DansGame
360 : TriHard
361 : 4Head
361 : 4Head
368 : :o
380 : BabyRage
383 : Hey
385 : lirikM
387 : tayzAmazed
387 : tayzAngry
387 : tayzCrazy
387 : tayzDumb
387 : tayzHappy
387 : TriHard
387 : tayzAmazed
387 : tayzAngry
387 : tayzCrazy
387 : tayzDumb
387 : tayzHappy
387 : TriHard
387 : tayzAmazed
387 : tayzAngry
387 : tayzCrazy
387 : tayzDumb
387 : tayzHappy
387 : TriHard
388 : PogChamp
390 : tayzAmazed
390 : tayzAngry
390 : tayzCrazy
390 : tayzDumb
390 : tayzHappy
390 : TriHard
390 : tayzAmazed
390 : tayzAngry
390 : tayzCrazy
390 : tayzDumb
390 : tayzHappy
390 : TriHard
390 : tayzAmazed
390 : tayzAngry
390 : tayzCrazy
390 : tayzDumb
390 : tayzHappy
390 : TriHard
393 : PogChamp
400 : krippO
400 : krippO
400 : krippO
400 : krippO
400 : krippO
403 : krippO
403 : krippO
403 : sumBlind
405 : sodaS
409 : 4Head
409 : 4Head
410 : sodaW
411 : :D
411 : :D
411 : :D
411 : DansGame
415 : FailFish
419 : Kappa
423 : Kappa
430 : 4Head
430 : 4Head
432 : <3
434 : Kappa
436 : 4Head
436 : 4Head
436 : 4Head
436 : 4Head
437 : BibleThump
440 : TriHard
443 : :)
444 : WutFace
447 : sodaW
448 : DansGame
448 : KappaPride
449 : SwiftRage
449 : WutFace
450 : Kappa
454 : WutFace
455 : 4Head
455 : 4Head
455 : 4Head
455 : 4Head
456 : Kappa
457 : Kappa
459 : Kappa
461 : Kappa
461 : Kappa
467 : Kreygasm
467 : sodaFeels
468 : KappaPride
468 : Kappa
468 : Kappa
469 : KappaPride
471 : Kreygasm
472 : Kreygasm
476 : KappaPride
481 : DansGame
485 : 4Head
485 : 4Head
485 : 4Head
485 : 4Head
487 : DansGame
491 : KappaPride
494 : DansGame
500 : PogChamp
500 : DansGame
506 : sodaL
509 : sum1g
510 : PogChamp
510 : DansGame
516 : Kappa
517 : DansGame
518 : DansGame
518 : DansGame
519 : PogChamp
519 : OP
520 : BibleThump
522 : sumSuh
524 : BibleThump
524 : BibleThump
528 : PogChamp
529 : sumStache
530 : 4Head
532 : FailFish
536 : Kappa
536 : sum1g
537 : WutFace
537 : WutFace
537 : DansGame
537 : DansGame
538 : BibleThump
538 : BibleThump
542 : TriHard
542 : TriHard
545 : sodaW
548 : FailFish
548 : :D
550 : DansGame
550 : DansGame
550 : DansGame
550 : DansGame
550 : DansGame
550 : DansGame
550 : DansGame
550 : DansGame
550 : DansGame
550 : DansGame
552 : NotLikeThis
552 : NotLikeThis
552 : NotLikeThis
552 : Kappa
555 : TriHard
555 : TriHard
561 : DansGame
570 : Kappa
573 : Kappa
574 : Kappa
574 : SMOrc
574 : SMOrc
575 : sodaS
575 : sodaS
575 : sodaS
575 : PogChamp
577 : FailFish
582 : KappaPride
584 : KappaPride
584 : KappaPride
585 : TriHard
585 : KappaPride
587 : DansGame
588 : KappaPride
590 : KappaPride
590 : KappaPride
592 : KappaPride
592 : KappaPride
592 : KappaPride
594 : 4Head
595 : KappaPride
597 : Kappa
603 : KappaPride
604 : FailFish
604 : FailFish
605 : FailFish
605 : Kappa
612 : PogChamp
619 : FailFish
622 : FailFish
623 : sodaS
623 : FailFish
623 : PogChamp
623 : PogChamp
623 : PogChamp
623 : PogChamp
624 : FailFish
625 : FailFish
625 : SeemsGood
625 : :D
625 : FailFish
628 : FailFish
629 : NotLikeThis
631 : sodaFF
633 : FailFish
638 : sodaFF
638 : BibleThump
641 : DansGame
642 : Kappa
643 : BrokeBack
643 : BrokeBack
647 : 4Head
648 : PogChamp
648 : PogChamp
648 : PogChamp
648 : PogChamp
652 : PogChamp
652 : PogChamp
652 : PogChamp
652 : PogChamp
653 : Kappa
656 : sodaG
661 : PogChamp
661 : HeyGuys
663 : PogChamp
663 : PogChamp
663 : PogChamp
663 : PogChamp
663 : sodaFF
663 : HeyGuys
665 : PogChamp
665 : sodaNOPE
665 : sodaNOPE
665 : sodaNOPE
668 : Kappa
669 : PogChamp
669 : PogChamp
669 : PogChamp
669 : PogChamp
670 : HeyGuys
672 : NotLikeThis
673 : DansGame
674 : Kappa
674 : DansGame
675 : PogChamp
675 : sodaHP
675 : sodaHP
675 : sodaHP
675 : sodaHP
675 : sodaHP
675 : sodaHP
675 : sodaHP
675 : sodaHP
675 : sodaHP
675 : sodaHP
675 : sodaHP
675 : sodaHP
675 : sodaHP
675 : sodaHP
675 : TriHard
678 : Kappa
681 : Kappa
683 : TriHard
684 : :)
684 : FailFish
685 : :)
686 : DansGame
687 : sodaS
690 : MingLee
692 : DansGame
693 : SMOrc
693 : O_o
696 : MingLee
697 : PogChamp
697 : MingLee
698 : SMOrc
699 : SMOrc
699 : Kappa
699 : MingLee
701 : PogChamp
703 : SMOrc
704 : PogChamp
704 : PogChamp
705 : SMOrc
705 : SMOrc
706 : BloodTrail
706 : KappaPride
706 : KappaPride
706 : deIlluminati
706 : deIlluminati
706 : KappaWealth
706 : OSkomodo
706 : NomNom
706 : BudStar
706 : FutureMan
706 : StinkyCheese
706 : MingLee
707 : PogChamp
707 : Kreygasm
708 : SMOrc
711 : TriHard
711 : PogChamp
714 : PogChamp
714 : PogChamp
714 : PogChamp
714 : PogChamp
715 : SMOrc
715 : TriHard
716 : TriHard
716 : TriHard
716 : PogChamp
720 : PogChamp
722 : SMOrc
723 : OhMyDog
723 : FrankerZ
723 : DansGame
723 : SMOrc
724 : SMOrc
724 : SMOrc
726 : SMOrc
729 : PogChamp
730 : <3
731 : SMOrc
731 : SwiftRage
731 : SwiftRage
732 : BabyRage
733 : sodaL
733 : PogChamp
736 : SMOrc
736 : SMOrc
737 : SMOrc
744 : FailFish
750 : SMOrc
750 : SMOrc
758 : Kreygasm
765 : PogChamp
767 : KappaPride
774 : TriHard
779 : EleGiggle
781 : wapcPOOP
781 : wapcPOOP
781 : wapcPOOP
782 : S
785 : R
785 : 4Head
785 : Kappa
788 : bingHey
791 : PogChamp
791 : PogChamp
792 : PogChamp
799 : Kappa
801 : xanHY
801 : xanPE
801 : bingOMG
801 : sodaS
801 : uwotS
801 : sodaG
803 : ANELE
804 : KappaPride
805 : Kreygasm
806 : KappaPride
808 : KappaPride
808 : KappaPride
808 : ANELE
810 : KappaPride
810 : KappaPride
811 : PogChamp
811 : PogChamp
811 : PogChamp
811 : KappaPride
814 : Kreygasm
815 : PogChamp
816 : ANELE
819 : ANELE
819 : ANELE
820 : PogChamp
820 : PogChamp
821 : KappaPride
822 : :)
822 : PogChamp
822 : PogChamp
822 : PogChamp
823 : ANELE
824 : PogChamp
824 : PogChamp
826 : PogChamp
826 : PogChamp
826 : PogChamp
828 : PogChamp
828 : PogChamp
830 : PogChamp
830 : PogChamp
830 : PogChamp
835 : PogChamp
836 : ANELE
836 : sodaG
837 : KappaPride
839 : PogChamp
842 : PogChamp
843 : sodaG
844 : PogChamp
849 : PogChamp
851 : Kappa
851 : PogChamp
852 : PogChamp
853 : PogChamp
855 : 4Head
855 : 4Head
855 : 4Head
855 : 4Head
855 : 4Head
855 : PogChamp
859 : KappaPride
859 : HeyGuys
860 : PogChamp
861 : SeemsGood
863 : 4Head
865 : sodaTROLL
865 : sodaTROLL
867 : BabyRage
869 : FailFish
869 : EleGiggle
871 : Kappa
872 : VoteNay
873 : S
873 : S
873 : S
873 : S
873 : S
873 : S
873 : S
873 : S
874 : Kappa
878 : FailFish
878 : PogChamp
880 : WutFace
880 : WutFace
883 : FailFish
884 : FailFish
885 : PogChamp
886 : DatSheffy
888 : PogChamp
889 : PogChamp
889 : PogChamp
889 : PogChamp
889 : PogChamp
889 : PogChamp
889 : PogChamp
889 : PogChamp
889 : PogChamp
889 : PogChamp
889 : PogChamp
889 : PogChamp
889 : PogChamp
889 : PogChamp
890 : NotLikeThis
891 : PogChamp
891 : PogChamp
891 : PogChamp
891 : PogChamp
891 : PogChamp
891 : PogChamp
891 : PogChamp
891 : PogChamp
891 : PogChamp
891 : PogChamp
891 : PogChamp
891 : PogChamp
891 : Kappa
896 : NotLikeThis
896 : PogChamp
899 : Kappa
900 : EleGiggle
901 : BrokeBack
901 : PogChamp
902 : PogChamp
903 : FailFish
903 : PogChamp
904 : PogChamp
905 : PogChamp
905 : PogChamp
905 : sodaW
906 : PogChamp
906 : FailFish
907 : S
908 : DansGame
908 : PogChamp
909 : PogChamp
909 : PogChamp
909 : PogChamp
909 : PogChamp
909 : PogChamp
909 : PogChamp
909 : PogChamp
909 : PogChamp
909 : PogChamp
909 : PogChamp
909 : PogChamp
909 : PogChamp
909 : PogChamp
909 : PogChamp
909 : PogChamp
909 : PogChamp
909 : PogChamp
909 : cohhLoot
909 : cohhLoot
909 : cohhLoot
917 : PogChamp
918 : BibleThump
919 : EleGiggle
921 : Kreygasm
921 : BabyRage
923 : Kreygasm
924 : Kreygasm
928 : PogChamp
928 : PogChamp
928 : PogChamp
928 : PogChamp
928 : PogChamp
928 : PogChamp
928 : PogChamp
928 : PogChamp
928 : Hey
928 : Kappa
929 : SMOrc
932 : Kappa
933 : Kappa
934 : TriHard
935 : PogChamp
938 : Kappa
938 : Kreygasm
945 : TriHard
945 : bingHey
946 : NotLikeThis
946 : TriHard
946 : TriHard
948 : sodaL
951 : TriHard
953 : PogChamp
955 : KappaPride
955 : Kappa
956 : BCWarrior
957 : TriHard
960 : Kreygasm
962 : Kreygasm
962 : Kreygasm
962 : Kreygasm
962 : Kreygasm
962 : Kreygasm
962 : Kreygasm
962 : Kreygasm
962 : Kreygasm
963 : TriHard
964 : SMOrc
967 : Kreygasm
967 : Kreygasm
967 : Kreygasm
967 : Kreygasm
967 : Kreygasm
967 : Kreygasm
967 : Kreygasm
967 : Kreygasm
967 : Kreygasm
967 : Kreygasm
969 : sodaW
969 : sodaTROLL
970 : TriHard
973 : TriHard
973 : TriHard
973 : TriHard
973 : TriHard
974 : Kreygasm
974 : Kreygasm
974 : Kreygasm
974 : Kreygasm
974 : Kreygasm
974 : Kreygasm
974 : Kreygasm
974 : Kreygasm
974 : Kreygasm
974 : Kreygasm
974 : Kreygasm
974 : Kreygasm
978 : BCWarrior
979 : Kreygasm
979 : Kreygasm
979 : Kreygasm
979 : Kreygasm
979 : Kreygasm
979 : Kreygasm
979 : Kreygasm
979 : Kreygasm
979 : Kreygasm
979 : Kreygasm
979 : Kreygasm
979 : Kreygasm
979 : Kreygasm
979 : Kreygasm
979 : Kreygasm
979 : Kreygasm
979 : Kreygasm
979 : Kreygasm
979 : Kreygasm
979 : Kreygasm
979 : Kreygasm
979 : Kreygasm
983 : Kappa
987 : BCWarrior
987 : BCWarrior
990 : Kreygasm
991 : SMOrc
992 : Kreygasm
992 : Kreygasm
992 : Kreygasm
992 : Kreygasm
992 : Kreygasm
992 : Kreygasm
992 : Kreygasm
992 : Kreygasm
992 : Kreygasm
992 : Kreygasm
992 : Kreygasm
992 : Kreygasm
992 : Kreygasm
992 : Kreygasm
992 : Kreygasm
992 : Kreygasm
992 : Kreygasm
992 : Kreygasm
992 : Kreygasm
992 : Kreygasm
992 : Kreygasm
992 : Kreygasm
992 : Kreygasm
992 : Kreygasm
992 : Kreygasm
992 : Kreygasm
994 : SwiftRage
994 : SwiftRage
994 : SMOrc
995 : Kreygasm
995 : 4Head
995 : Kappa
996 : PogChamp
996 : SMOrc
997 : SMOrc
998 : SMOrc
999 : PogChamp
1000 : SMOrc
1001 : SMOrc
1001 : SMOrc
1001 : SMOrc
1001 : <3
1001 : SMOrc
1002 : SMOrc
1002 : SMOrc
1003 : Kreygasm
1003 : Kreygasm
1003 : Kreygasm
1003 : Kreygasm
1003 : Kreygasm
1003 : Kreygasm
1003 : Kreygasm
1003 : Kreygasm
1003 : Kreygasm
1003 : Kreygasm
1003 : Kreygasm
1003 : Kreygasm
1003 : Kreygasm
1003 : Kreygasm
1003 : Kreygasm
1003 : Kreygasm
1003 : Kreygasm
1003 : Kreygasm
1003 : Kreygasm
1003 : Kreygasm
1003 : Kreygasm
1003 : Kreygasm
1003 : Kreygasm
1003 : Kreygasm
1003 : Kreygasm
1003 : Kreygasm
1003 : Kreygasm
1003 : Kreygasm
1003 : Kreygasm
1003 : Kreygasm
1003 : Kreygasm
1003 : Kreygasm
1003 : Kreygasm
1003 : Kreygasm
1003 : Kreygasm
1004 : SMOrc
1006 : SMOrc
1007 : SMOrc
1008 : SMOrc
1011 : SMOrc
1011 : SMOrc
1011 : SMOrc
1011 : SMOrc
1013 : SMOrc
1015 : SMOrc
1015 : SMOrc
1015 : Kreygasm
1015 : Kreygasm
1015 : Kreygasm
1015 : Kreygasm
1015 : Kreygasm
1015 : Kreygasm
1015 : Kreygasm
1015 : Kreygasm
1015 : Kreygasm
1015 : Kreygasm
1015 : Kreygasm
1015 : Kreygasm
1015 : Kreygasm
1015 : Kreygasm
1015 : Kreygasm
1015 : Kreygasm
1015 : Kreygasm
1015 : Kreygasm
1015 : Kreygasm
1015 : Kreygasm
1015 : Kreygasm
1015 : Kreygasm
1022 : WutFace
1023 : SMOrc
1024 : SMOrc
1024 : SMOrc
1024 : SMOrc
1024 : SMOrc
1024 : SMOrc
1024 : SMOrc
1024 : SMOrc
1024 : SMOrc
1024 : SMOrc
1024 : SMOrc
1024 : SMOrc
1024 : SMOrc
1024 : SMOrc
1024 : SMOrc
1024 : SMOrc
1029 : SMOrc
1042 : Kreygasm
1042 : VoHiYo
1042 : VoHiYo
1042 : VoHiYo
1042 : VoHiYo
1042 : VoHiYo
1056 : PogChamp
1056 : Kreygasm
1056 : 4Head
1058 : VoHiYo
1062 : BabyRage
1064 : NotLikeThis
1064 : BabyRage
1065 : PogChamp
1065 : PogChamp
1065 : PogChamp
1065 : PogChamp
1065 : PogChamp
1065 : PogChamp
1065 : PogChamp
1065 : PogChamp
1066 : Kappa
1067 : :(
1067 : BabyRage
1069 : BabyRage
1072 : BabyRage
1073 : BabyRage
1074 : BabyRage
1074 : Kreygasm
1074 : Kreygasm
1074 : BabyRage
1075 : BabyRage
1078 : BabyRage
1079 : PogChamp
1081 : Kreygasm
1081 : Kreygasm
1081 : Kreygasm
1081 : Kreygasm
1081 : Kreygasm
1081 : Kreygasm
1081 : Kreygasm
1081 : Kreygasm
1081 : Kreygasm
1081 : Kreygasm
1081 : Kreygasm
1081 : Kreygasm
1081 : Kreygasm
1081 : Kreygasm
1086 : BabyRage
1086 : BabyRage
1086 : BabyRage
1086 : Kreygasm
1086 : Kreygasm
1086 : Kreygasm
1086 : Kreygasm
1086 : Kreygasm
1086 : Kreygasm
1086 : Kreygasm
1086 : Kreygasm
1086 : Kreygasm
1086 : Kreygasm
1086 : Kreygasm
1086 : Kreygasm
1086 : Kreygasm
1086 : Kreygasm
1089 : BabyRage
1089 : TriHard
1090 : Kreygasm
1090 : Kreygasm
1090 : Kreygasm
1090 : Kreygasm
1090 : Kreygasm
1090 : Kreygasm
1090 : Kreygasm
1090 : Kreygasm
1090 : Kreygasm
1090 : Kreygasm
1090 : Kreygasm
1090 : Kreygasm
1090 : Kreygasm
1090 : Kreygasm
1096 : Kreygasm
1097 : PogChamp
1097 : PogChamp
1097 : PogChamp
1097 : PogChamp
1097 : PogChamp
1097 : PogChamp
1097 : PogChamp
1097 : PogChamp
1097 : PogChamp
1097 : PogChamp
1097 : PogChamp
1097 : PogChamp
1097 : PogChamp
1097 : PogChamp
1098 : SeemsGood
1099 : Kreygasm
1099 : BabyRage
1101 : cmonBruh
1103 : TriHard
1106 : Kappa
1106 : Kappa
1106 : Kappa
1106 : Kappa
1106 : Kappa
1106 : Kappa
1106 : Kappa
1106 : Kappa
1106 : Kappa
1106 : Kappa
1106 : PogChamp
1106 : PogChamp
1106 : PogChamp
1106 : PogChamp
1106 : PogChamp
1106 : PogChamp
1106 : PogChamp
1106 : PogChamp
1106 : PogChamp
1106 : PogChamp
1106 : PogChamp
1106 : PogChamp
1107 : TriHard
1108 : Kappa
1109 : Kreygasm
1109 : Kappa
1109 : Kappa
1110 : Kappa
1110 : Kappa
1110 : PogChamp
1111 : Kappa
1112 : Kappa
1112 : Kappa
1112 : Kappa
1112 : Kappa
1113 : Kappa
1113 : Kappa
1114 : Kappa
1114 : Kappa
1114 : Kappa
1115 : Kappa
1115 : Kappa
1115 : Kappa
1115 : TriHard
1116 : sodaHeyGuys
1116 : Kappa
1117 : Kappa
1117 : Keepo
1117 : Kappa
1117 : Kappa
1117 : Kappa
1117 : Kappa
1117 : Kappa
1117 : Kappa
1117 : Kappa
1118 : Kappa
1118 : TriHard
1118 : MingLee
1118 : ANELE
1118 : Kappa
1118 : Kappa
1118 : Kappa
1118 : Kappa
1118 : Kappa
1118 : Kappa
1118 : Kappa
1118 : Kappa
1118 : Kappa
1118 : Kappa
1118 : KappaRoss
1118 : Kappa
1119 : Kappa
1119 : Kappa
1119 : Kappa
1120 : Kappa
1121 : Kappa
1121 : Kappa
1121 : Kappa
1121 : Kappa
1121 : Kappa
1123 : Kappa
1123 : Kappa
1123 : Kappa
1123 : Kappa
1124 : Kappa
1124 : BabyRage
1124 : Kappa
1124 : Kappa
1124 : Kappa
1125 : Kappa
1126 : DansGame
1127 : Kappa
1127 : Kappa
1127 : Kappa
1127 : Kappa
1127 : Kappa
1128 : Kappa
1129 : Kappa
1129 : Kappa
1129 : Kappa
1129 : Kappa
1129 : Kappa
1129 : Kappa
1129 : Kappa
1129 : Kappa
1130 : Kappa
1130 : Kappa
1130 : Kappa
1131 : Kappa
1131 : Kappa
1131 : Kappa
1133 : Kappa
1133 : Kappa
1133 : PunchTrees
1133 : PunchTrees
1133 : Kappa
1133 : Kappa
1133 : Kappa
1133 : Kappa
1134 : Kappa
1134 : Kappa
1134 : Kappa
1134 : Kappa
1135 : Kappa
1135 : Kappa
1135 : Kappa
1136 : Kappa
1136 : Kappa
1136 : Kappa
1136 : Kappa
1136 : Kappa
1136 : Kappa
1136 : Kappa
1137 : Kappa
1137 : Kappa
1138 : Kappa
1139 : Kappa
1139 : Kappa
1139 : KAPPA
1139 : Kappa
1139 : Kappa
1139 : Kreygasm
1139 : Kappa
1139 : Kappa
1139 : Kappa
1140 : Kappa
1140 : Kappa
1140 : Kappa
1140 : Kappa
1141 : Kappa
1141 : Kappa
1141 : Kappa
1141 : Kappa
1141 : Kappa
1142 : Kappa
1142 : Kappa
1142 : Kappa
1142 : Kappa
1143 : Kappa
1143 : Kappa
1143 : Kappa
1143 : Kappa
1143 : Kappa
1143 : Kappa
1144 : Kappa
1144 : Kappa
1145 : Kappa
1145 : Kappa
1145 : Kappa
1145 : Kappa
1145 : Kappa
1145 : Kappa
1145 : Kappa
1146 : Kappa
1146 : Kappa
1146 : Kappa
1147 : Kappa
1147 : Kappa
1147 : Kappa
1147 : Kappa
1147 : Kappa
1147 : Kappa
1147 : Kappa
1147 : Kappa
1147 : Kappa
1147 : Kappa
1147 : Kappa
1147 : Kappa
1148 : Kappa
1148 : Kappa
1148 : Kappa
1148 : Kappa
1148 : Kappa
1148 : Kappa
1148 : Kappa
1149 : Kappa
1149 : Kappa
1149 : Kappa
1149 : Kappa
1149 : Kappa
1149 : Kappa
1149 : Kappa
1150 : Kappa
1150 : Kappa
1150 : Kappa
1151 : Kappa
1151 : Kappa
1151 : Kappa
1151 : Kappa
1152 : Kappa
1152 : Kappa
1152 : PogChamp
1152 : Kappa
1152 : Kappa
1152 : Kappa
1153 : Kappa
1153 : Kappa
1154 : Kappa
1154 : Kappa
1154 : Kappa
1154 : Kappa
1154 : Kappa
1154 : Kappa
1154 : Kappa
1154 : Kappa
1154 : Kappa
1154 : Kappa
1154 : Kappa
1154 : Kappa
1155 : Kappa
1155 : Kappa
1155 : KappaRoss
1155 : Kappa
1156 : Kappa
1156 : Kappa
1156 : Kappa
1156 : Kappa
1156 : Kappa
1157 : BCWarrior
1157 : <3
1157 : Kreygasm
1157 : Kappa
1157 : Kappa
1157 : Kappa
1157 : Kappa
1157 : Kappa
1157 : Kappa
1157 : Kappa
1157 : Kappa
1158 : Kappa
1158 : Kreygasm
1158 : Kreygasm
1158 : Kreygasm
1158 : Kreygasm
1158 : Kreygasm
1158 : Kreygasm
1158 : Kreygasm
1158 : Kreygasm
1158 : Kreygasm
1158 : Kreygasm
1158 : Kreygasm
1158 : Kreygasm
1158 : Kreygasm
1158 : Kreygasm
1158 : Kreygasm
1158 : Kreygasm
1158 : Kreygasm
1158 : Kreygasm
1158 : Kreygasm
1158 : Kreygasm
1158 : Kreygasm
1158 : Kreygasm
1158 : Kreygasm
1158 : Kreygasm
1159 : Kappa
1159 : Kappa
1159 : Kappa
1159 : Kappa
1159 : Kappa
1159 : Kappa
1159 : Kappa
1160 : Kappa
1160 : Kappa
1161 : Kappa
1161 : Kappa
1161 : Kappa
1161 : Kappa
1161 : Kappa
1161 : Kappa
1161 : Kappa
1161 : Kappa
1161 : Kappa
1163 : Kappa
1163 : Kappa
1163 : Kappa
1165 : Kappa
1165 : Kreygasm
1165 : Kreygasm
1165 : Kreygasm
1165 : Kreygasm
1165 : Kreygasm
1165 : Kreygasm
1165 : Kreygasm
1165 : Kreygasm
1165 : Kreygasm
1165 : Kreygasm
1165 : Kreygasm
1165 : Kreygasm
1166 : Kappa
1166 : Kappa
1166 : Kappa
1166 : Kappa
1166 : Kappa
1166 : Kappa
1166 : Kappa
1166 : Kappa
1166 : Kappa
1166 : Kappa
1166 : Kappa
1166 : Kappa
1166 : Kappa
1166 : Kappa
1166 : Kappa
1166 : Kappa
1166 : Kappa
1166 : Kappa
1166 : Kappa
1167 : danSgame
1167 : danSgame
1167 : danSgame
1168 : Kreygasm
1168 : Kreygasm
1168 : Kreygasm
1168 : Kreygasm
1168 : Kreygasm
1168 : Kreygasm
1168 : Kreygasm
1168 : Kreygasm
1168 : Kreygasm
1168 : Kreygasm
1168 : Kreygasm
1168 : Kreygasm
1168 : Kreygasm
1168 : Kreygasm
1168 : Kreygasm
1168 : Kreygasm
1168 : Kreygasm
1168 : Kreygasm
1168 : Kreygasm
1168 : Kreygasm
1168 : Kreygasm
1168 : Kreygasm
1168 : Kreygasm
1168 : Kreygasm
1170 : cynicalUL
1170 : FailFish
1173 : Kreygasm
1173 : Kreygasm
1173 : Kreygasm
1173 : Kreygasm
1173 : Kreygasm
1173 : Kreygasm
1173 : Kreygasm
1173 : Kreygasm
1173 : Kreygasm
1173 : Kreygasm
1173 : Kreygasm
1173 : Kreygasm
1173 : Kreygasm
1173 : Kreygasm
1173 : Kreygasm
1173 : Kreygasm
1173 : Kreygasm
1173 : Kreygasm
1173 : Kreygasm
1173 : Kreygasm
1173 : Kreygasm
1173 : Kreygasm
1173 : Kreygasm
1173 : Kreygasm
1173 : Kreygasm
1173 : Kreygasm
1173 : Kreygasm
1173 : Kreygasm
1175 : sodaTROLL
1175 : sodaTROLL
1175 : sodaTROLL
1175 : sodaTROLL
1175 : sodaTROLL
1175 : sodaTROLL
1175 : sodaTROLL
1175 : sodaTROLL
1175 : sodaTROLL
1175 : sodaTROLL
1175 : sodaTROLL
1175 : sodaTROLL
1175 : sodaTROLL
1175 : sodaTROLL
1175 : sodaTROLL
1175 : sodaTROLL
1175 : sodaTROLL
1175 : sodaTROLL
1175 : sodaTROLL
1175 : sodaTROLL
1175 : sodaTROLL
1175 : sodaTROLL
1175 : sodaTROLL
1175 : sodaTROLL
1175 : sodaTROLL
1175 : sodaTROLL
1175 : sodaTROLL
1175 : sodaTROLL
1175 : sodaTROLL
1175 : sodaTROLL
1175 : sodaTROLL
1175 : sodaTROLL
1175 : sodaTROLL
1175 : sodaTROLL
1175 : sodaTROLL
1175 : sodaTROLL
1175 : sodaTROLL
1175 : sodaTROLL
1175 : Kreygasm
1175 : Kreygasm
1175 : Kreygasm
1175 : Kreygasm
1175 : Kreygasm
1175 : Kreygasm
1175 : Kreygasm
1175 : Kreygasm
1175 : Kreygasm
1175 : Kreygasm
1175 : Kreygasm
1175 : Kreygasm
1175 : Kreygasm
1176 : Kappa
1176 : FunRun
1179 : FailFish
1179 : FailFish
1179 : FailFish
1179 : FailFish
1179 : FailFish
1179 : FailFish
1179 : FailFish
1180 : PogChamp
1181 : MingLee
1183 : Kappa
1183 : BibleThump
1184 : MingLee
1184 : FailFish
1184 : FailFish
1184 : FailFish
1184 : FailFish
1184 : FailFish
1184 : FailFish
1185 : MingLee
1186 : danSgame
1186 : danSgame
1186 : danSgame
1186 : danSgame
1186 : danSgame
1186 : danSgame
1186 : danSgame
1186 : danSgame
1186 : danSgame
1186 : danSgame
1186 : danSgame
1186 : danSgame
1186 : danSgame
1186 : danSgame
1186 : danSgame
1186 : danSgame
1186 : sodaTROLL
1186 : sodaTROLL
1186 : sodaTROLL
1186 : sodaTROLL
1186 : sodaTROLL
1186 : sodaTROLL
1186 : sodaTROLL
1186 : sodaTROLL
1186 : sodaTROLL
1186 : sodaTROLL
1186 : sodaTROLL
1186 : sodaTROLL
1186 : sodaNLT
1186 : NotLikeThis
1187 : 4Head
1188 : EleGiggle
1188 : MingLee
1190 : BabyRage
1190 : BabyRage
1192 : Kappa
1193 : PogChamp
1193 : PogChamp
1193 : PogChamp
1193 : PogChamp
1193 : PogChamp
1194 : FailFish
1194 : FailFish
1194 : FailFish
1194 : FailFish
1195 : KAPPA
1196 : Kappa
1196 : riPepperonis
1196 : riPepperonis
1196 : riPepperonis
1196 : riPepperonis
1196 : riPepperonis
1196 : Hey
1198 : FailFish
1198 : PogChamp
1198 : PogChamp
1198 : PogChamp
1198 : PogChamp
1198 : PogChamp
1198 : PogChamp
1198 : PogChamp
1198 : PogChamp
1198 : PogChamp
1199 : RAGE
1199 : RAGE
1199 : RAGE
1199 : Kappa
1199 : BabyRage
1199 : BabyRage
1199 : BabyRage
1199 : BabyRage
1199 : BabyRage
1199 : BabyRage
1199 : BabyRage
1199 : BabyRage
1199 : BabyRage
1199 : BabyRage
1199 : BabyRage
1199 : BabyRage
1200 : FailFish
1200 : FailFish
1200 : FailFish
1200 : BabyRage
1200 : BabyRage
1200 : BabyRage
1200 : BabyRage
1200 : BabyRage
1200 : BabyRage
1200 : BabyRage
1201 : BabyRage
1201 : BabyRage
1201 : BabyRage
1201 : BabyRage
1201 : BabyRage
1201 : BabyRage
1201 : BabyRage
1201 : BabyRage
1201 : BabyRage
1201 : BabyRage
1201 : BabyRage
1201 : BabyRage
1201 : BabyRage
1201 : BabyRage
1202 : :D
1203 : BabyRage
1203 : BabyRage
1203 : BabyRage
1203 : BabyRage
1203 : BabyRage
1203 : BabyRage
1203 : BabyRage
1203 : BabyRage
1203 : BabyRage
1203 : BabyRage
1203 : BabyRage
1203 : BabyRage
1203 : PogChamp
1203 : PogChamp
1203 : PogChamp
1203 : PogChamp
1203 : PogChamp
1203 : PogChamp
1203 : PogChamp
1203 : PogChamp
1203 : PogChamp
1203 : PogChamp
1203 : PogChamp
1203 : PogChamp
1203 : PogChamp
1203 : TriHard
1205 : BabyRage
1205 : BabyRage
1205 : BabyRage
1205 : BabyRage
1205 : BabyRage
1205 : BabyRage
1205 : BabyRage
1205 : BabyRage
1205 : BabyRage
1205 : BabyRage
1206 : PogChamp
1206 : PogChamp
1206 : PogChamp
1206 : PogChamp
1206 : PogChamp
1206 : FailFish
1206 : FailFish
1206 : SMOrc
1206 : PogChamp
1206 : PogChamp
1206 : PogChamp
1206 : PogChamp
1206 : PogChamp
1206 : PogChamp
1206 : PogChamp
1206 : PogChamp
1206 : PogChamp
1207 : SMOrc
1207 : PogChamp
1207 : PogChamp
1207 : PogChamp
1207 : PogChamp
1207 : PogChamp
1207 : PogChamp
1207 : PogChamp
1207 : PogChamp
1207 : PogChamp
1207 : PogChamp
1207 : PogChamp
1207 : PogChamp
1207 : PogChamp
1209 : WutFace
1209 : TriHard
1210 : SMOrc
1211 : PogChamp
1211 : BabyRage
1211 : BabyRage
1211 : BabyRage
1211 : BabyRage
1213 : TriHard
1218 : BabyRage
1218 : BabyRage
1218 : BabyRage
1218 : BabyRage
1218 : BabyRage
1218 : BabyRage
1218 : PogChamp
1227 : DansGame
1228 : Kappa
1229 : SMOrc
1230 : PogChamp
1232 : SwiftRage
1233 : DansGame
1233 : copyThis
1233 : pastaThat
1237 : BrokeBack
1239 : WutFace
1242 : copyThis
1242 : PogChamp
1244 : SMOrc
1244 : TriHard
1251 : Kappa
1254 : copyThis
1254 : TBCheesePull
1254 : TBCheesePull
1254 : pastaThat
1254 : sodaNLT
1255 : FailFish
1262 : pastaThat
1262 : SwiftRage
1266 : FailFish
1272 : copyThis
1272 : pastaThat
1280 : sodaL
1290 : Kreygasm
1293 : DansGame
1293 : :(
1295 : FailFish
1298 : FailFish
1302 : SwiftRage
1303 : Kappa
1303 : FailFish
1313 : :(
1314 : MrDestructoid
1314 : MrDestructoid
1314 : MrDestructoid
1314 : MrDestructoid
1314 : MrDestructoid
1314 : MrDestructoid
1314 : MrDestructoid
1314 : MrDestructoid
1315 : FailFish
1316 : MrDestructoid
1316 : MrDestructoid
1319 : MrDestructoid
1319 : MrDestructoid
1319 : MrDestructoid
1319 : MrDestructoid
1319 : MrDestructoid
1319 : MrDestructoid
1327 : MrDestructoid
1327 : MrDestructoid
1329 : NotLikeThis
1333 : R
1335 : :D
1338 : DansGame
1342 : FailFish
1345 : sodaNOPE
1345 : sodaNOPE
1345 : sodaNOPE
1345 : sodaNOPE
1345 : sodaNOPE
1345 : sodaNOPE
1345 : sodaNOPE
1349 : FailFish
1354 : sodaG
1357 : MrDestructoid
1357 : SeemsGood
1365 : FailFish
1365 : FailFish
1366 : DansGame
1369 : FailFish
1378 : sodaFF
1378 : DansGame
1378 : FailFish
1378 : FailFish
1378 : FailFish
1378 : FailFish
1378 : FailFish
1379 : :D
1379 : DansGame
1380 : sodaC
1381 : DansGame
1382 : DansGame
1382 : DansGame
1382 : DansGame
1382 : DansGame
1382 : DansGame
1382 : DansGame
1384 : DansGame
1384 : KappaPride
1384 : BrainSlug
1385 : DansGame
1385 : WutFace
1385 : DansGame
1385 : DansGame
1385 : DansGame
1386 : DansGame
1386 : DansGame
1387 : DansGame
1387 : DansGame
1387 : DansGame
1387 : BibleThump
1387 : WutFace
1388 : DansGame
1388 : DansGame
1388 : DansGame
1389 : DansGame
1390 : WutFace
1391 : BrainSlug
1391 : BrainSlug
1391 : BrainSlug
1391 : DansGame
1391 : DansGame
1391 : DansGame
1391 : DansGame
1392 : 4Head
1392 : BrainSlug
1393 : BrainSlug
1393 : 4Head
1393 : Kreygasm
1394 : OpieOP
1395 : 4Head
1395 : DansGame
1396 : WutFace
1396 : WutFace
1396 : WutFace
1396 : WutFace
1396 : TriHard
1396 : TriHard
1396 : TriHard
1396 : BrainSlug
1396 : 4Head
1396 : WutFace
1398 : WutFace
1398 : WutFace
1398 : DansGame
1399 : DansGame
1399 : DansGame
1399 : 4Head
1399 : 4Head
1399 : 4Head
1399 : KingMe
1399 : 4Head
1399 : EleGiggle
1400 : DansGame
1400 : 4Head
1400 : WutFace
1401 : 4Head
1401 : 4Head
1401 : 4Head
1401 : 4Head
1401 : WutFace
1402 : :D
1402 : BrainSlug
1402 : MingLee
1403 : 4Head
1403 : 4Head
1403 : 4Head
1403 : sodaTROLL
1404 : 4Head
1405 : 4Head
1406 : 4Head
1406 : 4Head
1406 : 4Head
1406 : 4Head
1406 : 4Head
1406 : WutFace
1406 : WutFace
1408 : DansGame
1409 : Kreygasm
1409 : Kreygasm
1409 : Kreygasm
1409 : Kreygasm
1409 : SMOrc
1409 : 4Head
1409 : 4Head
1409 : 4Head
1410 : BibleThump
1410 : Kappa
1412 : 4Head
1412 : 4Head
1412 : BibleThump
1412 : SMOrc
1413 : SMOrc
1413 : SMOrc
1414 : SMOrc
1414 : 4Head
1414 : 4Head
1417 : KappaPride
1417 : SMOrc
1418 : SMOrc
1419 : SMOrc
1419 : SMOrc
1419 : SMOrc
1422 : SMOrc
1423 : SMOrc
1423 : SMOrc
1423 : SMOrc
1423 : SMOrc
1424 : SMOrc
1424 : SMOrc
1424 : SMOrc
1424 : SMOrc
1424 : PogChamp
1425 : Kreygasm
1425 : PogChamp
1425 : SMOrc
1425 : SMOrc
1425 : SMOrc
1426 : SMOrc
1426 : SMOrc
1426 : SMOrc
1427 : SMOrc
1427 : SMOrc
1427 : PogChamp
1427 : SMOrc
1427 : PogChamp
1427 : SMOrc
1427 : SMOrc
1428 : PogChamp
1428 : SMOrc
1428 : SMOrc
1428 : VoteNay
1428 : SMOrc
1429 : SMOrc
1429 : SMOrc
1429 : SMOrc
1429 : SMOrc
1430 : SMOrc
1430 : SMOrc
1430 : SMOrc
1431 : SMOrc
1431 : SMOrc
1432 : SMOrc
1432 : SMOrc
1432 : VoteNay
1433 : SMOrc
1435 : DansGame
1435 : WutFace
1435 : BibleThump
1438 : SMOrc
1438 : SMOrc
1438 : SMOrc
1438 : SMOrc
1440 : VoteYea
1440 : VoteYea
1440 : VoteYea
1440 : VoteYea
1440 : SMOrc
1440 : SMOrc
1441 : SMOrc
1441 : SMOrc
1441 : VoteNay
1441 : SMOrc
1442 : SMOrc
1442 : SMOrc
1443 : BibleThump
1446 : SMOrc
1446 : TriHard
1446 : SMOrc
1450 : SMOrc
1450 : SMOrc
1453 : reck
1454 : PogChamp
1455 : PogChamp
1457 : FailFish
1467 : PogChamp
1469 : Kappa
1469 : Kreygasm
1470 : TBCheesePull
1470 : TBTacoRight
1470 : PJSalt
1470 : BibleThump
1473 : Kappa
1484 : TriHard
1484 : DansGame
1484 : DansGame
1486 : PogChamp
1499 : TriHard
1499 : ANELE
1503 : DansGame
1506 : TriHard
1507 : DansGame
1507 : DansGame
1509 : Kappa
1509 : Kappa
1518 : TriHard
1519 : WutFace
1522 : MingLee
1523 : MingLee
1524 : Sup
1524 : MingLee
1525 : 4Head
1529 : Kappa
1532 : KappaPride
1533 : :)
1545 : sodaPUKE
1545 : sodaPUKE
1545 : sodaPUKE
1545 : sodaPUKE
1545 : sodaPUKE
1545 : sodaPUKE
1545 : sodaPUKE
1545 : sodaPUKE
1545 : sodaPUKE
1545 : sodaPUKE
1545 : sodaPUKE
1545 : sodaPUKE
1545 : sodaPUKE
1545 : sodaPUKE
1546 : 4Head
1546 : 4Head
1549 : MingLee
1549 : BibleThump
1554 : FailFish
1556 : BabyRage
1559 : BabyRage
1559 : MingLee
1559 : <3
1563 : 4Head
1564 : sodaS
1568 : Kappa
1570 : 4Head
1570 : 4Head
1570 : 4Head
1576 : danCry
1579 : BrokeBack
1579 : BrokeBack
1579 : BrokeBack
1591 : Kappa
1592 : BabyRage
1592 : BabyRage
1594 : SMOrc
1595 : Kappa
1598 : SMOrc
1598 : SMOrc
1598 : SMOrc
1599 : SMOrc
1599 : SMOrc
1599 : VoteNay
1599 : SMOrc
1599 : SMOrc
1600 : ANELE
1601 : ANELE
1601 : BabyRage
1602 : ANELE
1602 : ANELE
1602 : SMOrc
1602 : SMOrc
1602 : SMOrc
1602 : SMOrc
1602 : SMOrc
1602 : SMOrc
1602 : ANELE
1603 : VoteNay
1603 : SMOrc
1603 : SMOrc
1603 : SMOrc
1603 : ANELE
1604 : ANELE
1604 : SMOrc
1604 : Kappa
1604 : ANELE
1604 : ANELE
1604 : ANELE
1605 : SMOrc
1605 : ANELE
1605 : SMOrc
1606 : ANELE
1606 : SMOrc
1606 : ANELE
1606 : SMOrc
1606 : SMOrc
1606 : ANELE
1606 : ANELE
1606 : ANELE
1606 : VoteNay
1606 : VoteNay
1606 : VoteNay
1606 : VoteNay
1606 : VoteNay
1606 : SMOrc
1606 : FailFish
1606 : ANELE
1607 : ANELE
1607 : ANELE
1607 : SMOrc
1607 : SMOrc
1607 : SMOrc
1607 : SMOrc
1607 : SMOrc
1607 : SMOrc
1608 : SMOrc
1608 : ANELE
1609 : ANELE
1609 : KappaPride
1609 : VoteYea
1609 : VoteYea
1609 : VoteYea
1609 : ANELE
1609 : SMOrc
1609 : SMOrc
1609 : SMOrc
1610 : SMOrc
1610 : SMOrc
1610 : SMOrc
1610 : SMOrc
1610 : SMOrc
1610 : SMOrc
1610 : ANELE
1610 : SMOrc
1610 : SMOrc
1611 : sodaL
1611 : Kappa
1611 : SMOrc
1611 : VoteYea
1611 : ANELE
1613 : Kappa
1613 : ANELE
1613 : ANELE
1615 : VoteYea
1615 : VoteYea
1615 : VoteYea
1615 : VoteYea
1615 : VoteYea
1615 : VoteYea
1615 : VoteYea
1615 : VoteYea
1615 : dadoBomb
1615 : dadoBomb
1615 : dadoBomb
1615 : dadoBomb
1615 : SMOrc
1615 : SMOrc
1615 : SMOrc
1615 : SMOrc
1615 : SMOrc
1615 : SMOrc
1615 : SMOrc
1615 : SMOrc
1615 : SMOrc
1615 : SMOrc
1615 : SMOrc
1615 : SMOrc
1616 : SMOrc
1616 : VoteYea
1616 : SMOrc
1616 : VoteYea
1616 : VoteYea
1618 : SMOrc
1618 : SMOrc
1618 : SMOrc
1618 : SMOrc
1618 : SMOrc
1620 : SMOrc
1620 : VoteYea
1621 : Kill
1621 : SMOrc
1621 : SMOrc
1621 : SMOrc
1621 : SMOrc
1621 : SMOrc
1622 : <3
1622 : OSsloth
1622 : BibleThump
1622 : SMOrc
1622 : SMOrc
1622 : SMOrc
1622 : SMOrc
1622 : SMOrc
1622 : SMOrc
1624 : SMOrc
1624 : ANELE
1625 : Kappa
1626 : FailFish
1628 : ANELE
1628 : SMOrc
1629 : ANELE
1629 : ANELE
1629 : ANELE
1629 : ANELE
1629 : ANELE
1629 : ANELE
1629 : ANELE
1629 : ANELE
1629 : ANELE
1629 : ANELE
1629 : ANELE
1629 : ANELE
1629 : ANELE
1629 : ANELE
1629 : ANELE
1629 : ANELE
1629 : ANELE
1629 : SMOrc
1629 : SMOrc
1629 : ANELE
1629 : ANELE
1629 : ANELE
1630 : ANELE
1630 : ANELE
1631 : ANELE
1631 : FailFish
1631 : SMOrc
1631 : SMOrc
1631 : SMOrc
1631 : SMOrc
1631 : SMOrc
1631 : SMOrc
1631 : SMOrc
1631 : SMOrc
1631 : SMOrc
1631 : Kappa
1631 : ANELE
1632 : FailFish
1632 : dadoBomb
1632 : dadoBomb
1632 : dadoBomb
1632 : dadoBomb
1632 : dadoBomb
1633 : ANELE
1633 : ANELE
1634 : ANELE
1634 : DatSheffy
1635 : ANELE
1635 : VoteYea
1635 : SMOrc
1635 : VoteYea
1635 : SMOrc
1635 : VoteYea
1636 : 4Head
1638 : ANELE
1638 : SMOrc
1638 : SMOrc
1638 : SMOrc
1639 : deceKappa
1640 : SMOrc
1640 : DatSheffy
1641 : Kreygasm
1642 : ANELE
1643 : Kappa
1644 : Kappa
1645 : ANELE
1645 : ANELE
1645 : ANELE
1645 : ANELE
1645 : ANELE
1645 : ANELE
1645 : ANELE
1645 : ANELE
1645 : ANELE
1645 : ANELE
1645 : ANELE
1645 : ANELE
1645 : ANELE
1645 : ANELE
1645 : ANELE
1645 : ANELE
1645 : ANELE
1645 : ANELE
1645 : ANELE
1645 : ANELE
1645 : ANELE
1645 : ANELE
1647 : SMOrc
1647 : SMOrc
1647 : Kappa
1647 : SMOrc
1648 : deceKappa
1648 : KAPPA
1648 : PogChamp
1648 : ANELE
1649 : Kappa
1649 : Kappa
1649 : lirikOG
1649 : Kappa
1651 : Kappa
1651 : ANELE
1652 : Kappa
1653 : ANELE
1653 : ANELE
1653 : ANELE
1654 : deceKappa
1654 : Kappa
1656 : Kappa
1657 : ANELE
1658 : Kappa
1659 : AMPEnergyCherry
1659 : AMPEnergyCherry
1659 : Kappa
1660 : ANELE
1660 : ANELE
1660 : Kappa
1660 : Kappa
1660 : SMOrc
1660 : SMOrc
1661 : Kappa
1661 : Kappa
1662 : Kappa
1662 : Kappa
1662 : Kappa
1662 : Kappa
1663 : Kappa
1663 : Kappa
1663 : Kappa
1664 : Kappa
1664 : ANELE
1664 : Kappa
1664 : Kappa
1664 : SMOrc
1664 : SMOrc
1664 : Kappa
1665 : Kappa
1665 : Kappa
1666 : Kappa
1666 : Kappa
1667 : Kappa
1667 : Kappa
1667 : ANELE
1667 : Kappa
1667 : Kappa
1667 : KAPPA
1668 : Kappa
1668 : Kappa
1668 : Kappa
1669 : Kappa
1669 : Kappa
1669 : Kappa
1670 : Kappa
1670 : Kappa
1670 : Kappa
1670 : lirikOG
1670 : lirikOG
1670 : lirikOG
1670 : Kappa
1671 : deceKappa
1671 : Kappa
1671 : Kappa
1672 : Kappa
1672 : Kappa
1672 : Kappa
1672 : Kappa
1673 : Kappa
1673 : Kappa
1675 : Kappa
1675 : Kappa
1676 : PogChamp
1676 : Kappa
1676 : Kappa
1676 : Kappa
1676 : Kappa
1676 : Kappa
1676 : Kappa
1676 : SMOrc
1676 : Kappa
1677 : Kappa
1677 : Kappa
1677 : Kappa
1678 : Kappa
1678 : Kappa
1678 : Kappa
1678 : Kappa
1678 : Kappa
1678 : Kappa
1678 : Kappa
1678 : Kappa
1678 : Kappa
1678 : Kappa
1678 : Kappa
1678 : Kappa
1679 : Kappa
1679 : Kappa
1680 : Kappa
1680 : Kappa
1680 : Kappa
1680 : Kappa
1681 : Kappa
1681 : Kappa
1682 : KAPPA
1682 : DansGame
1682 : Kappa
1682 : Kappa
1682 : ANELE
1683 : Kappa
1683 : Kappa
1683 : Kappa
1683 : Kappa
1683 : Kappa
1683 : Kappa
1683 : Kappa
1683 : Kappa
1683 : Kappa
1683 : Kappa
1683 : Kappa
1683 : Kappa
1683 : Kappa
1683 : Kappa
1683 : Kappa
1683 : Kappa
1683 : Kappa
1683 : Kappa
1683 : Kappa
1683 : Kappa
1683 : Kappa
1683 : Kappa
1684 : Kappa
1684 : Kappa
1684 : Kappa
1684 : Kappa
1684 : Kappa
1684 : ANELE
1685 : Kappa
1685 : Kappa
1685 : Kappa
1685 : Kappa
1685 : Kappa
1685 : Kappa
1685 : Kappa
1685 : Kappa
1686 : Kappa
1686 : Kappa
1686 : Kappa
1686 : Kappa
1686 : Kappa
1686 : Kappa
1686 : Kappa
1686 : Kappa
1686 : Kappa
1686 : Kappa
1687 : Kappa
1687 : Kappa
1687 : PogChamp
1687 : TriHard
1687 : ANELE
1687 : ANELE
1687 : deceKappa
1688 : Kappa
1688 : Kappa
1688 : Kappa
1688 : Kappa
1688 : ANELE
1688 : Kappa
1689 : Kappa
1689 : Kappa
1689 : Kappa
1689 : Kappa
1689 : ANELE
1689 : ANELE
1689 : Kappa
1690 : Kappa
1690 : Kappa
1690 : Kappa
1691 : ANELE
1691 : Kappa
1691 : Kappa
1691 : Kappa
1691 : Kappa
1692 : ANELE
1692 : Kappa
1692 : Kappa
1692 : Kappa
1692 : Kappa
1693 : Kappa
1693 : deceKappa
1693 : Kappa
1694 : Kappa
1694 : SMOrc
1694 : Kappa
1694 : OpieOP
1694 : Kappa
1695 : Kappa
1695 : Kappa
1695 : Kappa
1695 : Kappa
1696 : Kappa
1696 : ANELE
1696 : Kappa
1697 : Kappa
1697 : ANELE
1697 : ANELE
1697 : Kappa
1697 : ANELE
1697 : Kappa
1697 : SMOrc
1698 : Kappa
1699 : SMOrc
1700 : Kappa
1701 : KappaClaus
1701 : Kappa
1701 : ANELE
1701 : ANELE
1701 : Kappa
1702 : Kappa
1702 : Kappa
1702 : Keepo
1703 : Kappa
1704 : Kappa
1704 : Kappa
1704 : OpieOP
1705 : Kappa
1708 : Kappa
1709 : Kappa
1709 : Kappa
1711 : Kappa
1711 : Kappa
1713 : Kappa
1713 : Kappa
1714 : Kappa
1715 : Kappa
1716 : Keepo
1717 : ItsBoshyTime
1719 : Kappa
1721 : Kappa
1721 : VaultBoy
1723 : AMPEnergyCherry
1723 : AMPEnergyCherry
1724 : MingLee
1724 : Kappa
1725 : Kappa
1730 : VoHiYo
1730 : VoHiYo
1730 : VoHiYo
1730 : VoHiYo
1733 : Kappa
1733 : Kappa
1735 : FailFish
1738 : FailFish
1738 : DansGame
1739 : KappaPride
1743 : MingLee
1743 : panicBasket
1743 : panicBasket
1743 : panicBasket
1743 : panicBasket
1743 : panicBasket
1743 : SMOrc
1743 : Kappa
1748 : Kappa
1748 : SwiftRage
1750 : Kill
1751 : AMPEnergyCherry
1751 : AMPEnergyCherry
1751 : AMPEnergyCherry
1751 : AMPEnergyCherry
1751 : AMPEnergyCherry
1751 : AMPEnergyCherry
1751 : AMPEnergyCherry
1751 : AMPEnergyCherry
1751 : AMPEnergyCherry
1751 : AMPEnergyCherry
1751 : AMPEnergyCherry
1751 : AMPEnergyCherry
1754 : Kill
1754 : ANELE
1755 : ANELE
1755 : HeyGuys
1756 : Kappa
1757 : ANELE
1757 : Kill
1758 : ANELE
1762 : NotLikeThis
1766 : SwiftRage
1769 : ANELE
1771 : ANELE
1773 : ANELE
1774 : ANELE
1774 : ANELE
1774 : ANELE
1774 : ANELE
1775 : ANELE
1776 : ANELE
1777 : ANELE
1777 : ANELE
1778 : ANELE
1779 : ANELE
1779 : ANELE
1779 : ANELE
1780 : ANELE
1781 : AMPEnergyCherry
1781 : AMPEnergyCherry
1781 : AMPEnergyCherry
1781 : AMPEnergyCherry
1781 : AMPEnergyCherry
1781 : AMPEnergyCherry
1781 : AMPEnergyCherry
1781 : AMPEnergyCherry
1781 : AMPEnergyCherry
1781 : AMPEnergyCherry
1781 : AMPEnergyCherry
1781 : AMPEnergyCherry
1781 : AMPEnergyCherry
1781 : AMPEnergyCherry
1781 : AMPEnergyCherry
1781 : AMPEnergyCherry
1781 : AMPEnergyCherry
1781 : AMPEnergyCherry
1781 : AMPEnergyCherry
1781 : AMPEnergyCherry
1781 : AMPEnergyCherry
1781 : AMPEnergyCherry
1781 : AMPEnergyCherry
1781 : AMPEnergyCherry
1781 : ANELE
1784 : ANELE
1784 : ANELE
1784 : ANELE
1784 : ANELE
1784 : ANELE
1784 : FailFish
1785 : ANELE
1785 : ANELE
1785 : ANELE
1785 : ANELE
1788 : ANELE
1789 : MingLee
1793 : ANELE
1797 : Kreygasm
1800 : :D
1804 : PogChamp
1805 : :)
1805 : Kappa
1805 : AMPEnergyCherry
1805 : AMPEnergyCherry
1805 : AMPEnergyCherry
1805 : AMPEnergyCherry
1805 : AMPEnergyCherry
1805 : AMPEnergyCherry
1805 : AMPEnergyCherry
1805 : AMPEnergyCherry
1805 : AMPEnergyCherry
1805 : AMPEnergyCherry
1805 : AMPEnergyCherry
1805 : AMPEnergyCherry
1812 : ANELE
1815 : :D
1818 : NotLikeThis
1818 : Kappa
1818 : Kappa
1818 : Kappa
1820 : AMPEnergyCherry
1820 : AMPEnergyCherry
1820 : AMPEnergyCherry
1820 : AMPEnergyCherry
1820 : AMPEnergyCherry
1820 : AMPEnergyCherry
1820 : AMPEnergyCherry
1820 : AMPEnergyCherry
1820 : AMPEnergyCherry
1820 : AMPEnergyCherry
1820 : AMPEnergyCherry
1820 : AMPEnergyCherry
1822 : BibleThump
1823 : Kappa
1823 : Kappa
1825 : Kappa
1825 : Kreygasm
1825 : PogChamp
1828 : Kappa
1829 : TBTacoLeft
1829 : TBTacoRight
1830 : Kappa
1832 : Kappa
1832 : Kappa
1832 : Kappa
1835 : Kappa
1843 : AMPEnergyCherry
1843 : AMPEnergyCherry
1843 : AMPEnergyCherry
1843 : AMPEnergyCherry
1843 : AMPEnergyCherry
1843 : AMPEnergyCherry
1843 : AMPEnergyCherry
1843 : AMPEnergyCherry
1843 : AMPEnergyCherry
1843 : AMPEnergyCherry
1843 : AMPEnergyCherry
1843 : AMPEnergyCherry
1843 : AMPEnergyCherry
1843 : AMPEnergyCherry
1843 : AMPEnergyCherry
1843 : AMPEnergyCherry
1843 : AMPEnergyCherry
1843 : AMPEnergyCherry
1843 : AMPEnergyCherry
1843 : AMPEnergyCherry
1843 : AMPEnergyCherry
1843 : AMPEnergyCherry
1843 : AMPEnergyCherry
1843 : AMPEnergyCherry
1846 : BabyRage
1863 : FreakinStinkin
1863 : FreakinStinkin
1863 : FreakinStinkin
1863 : FreakinStinkin
1863 : FreakinStinkin
1863 : FreakinStinkin
1867 : Kappa
1871 : Kappa
1874 : Kappa
1880 : MingLee
1880 : Kappa
1884 : SMOrc
1888 : PogChamp
1892 : PogChamp
1892 : PogChamp
1892 : PogChamp
1896 : Keepo
1897 : Keepo
1897 : BabyRage
1899 : PogChamp
1899 : 4Head
1900 : WutFace
1902 : WutFace
1902 : BabyRage
1904 : Kappa
1904 : Kappa
1904 : Kappa
1904 : Kappa
1904 : Kappa
1904 : Kappa
1904 : Kappa
1904 : Kappa
1904 : KappaPride
1906 : BabyRage
1906 : BabyRage
1908 : SMOrc
1909 : BabyRage
1909 : BabyRage
1913 : TriHard
1918 : BabyRage
1918 : BabyRage
1918 : BabyRage
1918 : BabyRage
1918 : SMOrc
1918 : TriHard
1919 : VoHiYo
1922 : WutFace
1922 : WutFace
1922 : WutFace
1922 : WutFace
1922 : WutFace
1922 : WutFace
1922 : WutFace
1922 : WutFace
1922 : WutFace
1922 : WutFace
1922 : WutFace
1922 : WutFace
1923 : BabyRage
1923 : BabyRage
1923 : BabyRage
1923 : BabyRage
1924 : SMOrc
1930 : Kappa
1940 : KappaPride
1942 : SwiftRage
1943 : DansGame
1946 : DansGame
1946 : DansGame
1946 : DansGame
1946 : DansGame
1948 : TriHard
1950 : KappaPride
1957 : WutFace
1962 : sodaFAB
1964 : TriHard
1964 : TriHard
1964 : EleGiggle
1966 : bingHappy
1972 : R
1973 : PogChamp
1974 : Keepo
1976 : :D
1980 : WutFace
1982 : SMOrc
1984 : SMOrc
1988 : Kappa
1988 : KappaPride
1988 : KappaPride
1990 : FailFish
1994 : Kappa
1995 : Kappa
2000 : DansGame
2000 : PogChamp
2006 : SMOrc
2008 : BabyRage
2008 : BabyRage
2008 : BabyRage
2010 : BabyRage
2015 : sodaC
2015 : sodaC
2015 : sodaC
2015 : sodaC
2015 : sodaC
2015 : sodaC
2015 : sodaC
2015 : sodaC
2015 : sodaC
2022 : sodaC
2022 : DansGame
2024 : sodaC
2024 : sodaC
2024 : sodaC
2024 : sodaC
2024 : sodaC
2024 : sodaC
2024 : sodaC
2024 : sodaC
2024 : sodaC
2024 : BabyRage
2024 : BabyRage
2025 : DansGame
2026 : FailFish
2028 : sodaC
2028 : FailFish
2029 : NotLikeThis
2030 : Kappa
2033 : sodaC
2033 : sodaC
2033 : sodaC
2033 : sodaC
2033 : sodaC
2033 : sodaC
2033 : sodaC
2033 : sodaC
2033 : sodaC
2036 : FreakinStinkin
2036 : FreakinStinkin
2036 : FreakinStinkin
2036 : FreakinStinkin
2036 : FreakinStinkin
2036 : FreakinStinkin
2036 : FreakinStinkin
2036 : FreakinStinkin
2036 : FreakinStinkin
2036 : FreakinStinkin
2036 : FreakinStinkin
2036 : FreakinStinkin
2036 : FreakinStinkin
2036 : FreakinStinkin
2036 : FreakinStinkin
2036 : FreakinStinkin
2036 : FreakinStinkin
2036 : FreakinStinkin
2036 : FreakinStinkin
2036 : FreakinStinkin
2041 : Kreygasm
2042 : PogChamp
2042 : DansGame
2043 : Kappa
2053 : BrokeBack
2053 : PogChamp
2053 : BibleThump
2054 : BibleThump
2062 : TriHard
2065 : 4Head
2065 : 4Head
2065 : 4Head
2065 : Kappa
2069 : Kappa
2069 : TriHard
2070 : Keepo
2070 : sodaC
2070 : sodaC
2070 : sodaC
2070 : sodaC
2070 : sodaC
2070 : sodaC
2070 : sodaC
2070 : sodaC
2070 : sodaC
2076 : SMOrc
2078 : BabyRage
2080 : Kreygasm
2081 : sodaC
2081 : sodaC
2081 : sodaC
2081 : sodaC
2081 : sodaC
2081 : sodaC
2081 : sodaC
2081 : sodaC
2081 : sodaC
2081 : sodaC
2081 : sodaC
2081 : sodaC
2081 : sodaC
2081 : sodaC
2081 : sodaC
2081 : sodaC
2081 : sodaC
2082 : SMOrc
2086 : Kappa
2087 : twitchRaid
2087 : twitchRaid
2088 : SMOrc
2094 : Kappa
2096 : sodaC
2096 : sodaC
2096 : sodaC
2096 : sodaC
2096 : sodaC
2096 : sodaC
2096 : sodaC
2096 : sodaC
2096 : sodaC
2098 : KappaPride
2098 : PogChamp
2098 : PogChamp
2098 : PogChamp
2098 : PogChamp
2098 : PogChamp
2098 : PogChamp
2098 : PogChamp
2099 : sodaC
2099 : sodaC
2099 : sodaC
2099 : sodaC
2099 : sodaC
2099 : sodaC
2099 : sodaC
2099 : sodaC
2102 : sodaNOPE
2103 : sodaL
2108 : EleGiggle
2108 : EleGiggle
2111 : mangoPog
2111 : mangoPog
2111 : mangoPog
2113 : ANELE
2114 : BCWarrior
2115 : KappaPride
2115 : sodaPRIDE
2115 : KappaRoss
2116 : FailFish
2117 : ANELE
2122 : KappaPride
2123 : TriHard
2130 : SMOrc
2133 : SMOrc
2134 : SMOrc
2136 : ANELE
2136 : ANELE
2139 : SMOrc
2141 : BibleThump
2143 : 4Head
2144 : BibleThump
2147 : :(
2147 : SMOrc
2148 : EleGiggle
2151 : BabyRage
2154 : TriHard
2154 : DansGame
2157 : BabyRage
2158 : purpleCx
2158 : purpleCx
2158 : purpleCx
2158 : purpleCx
2158 : purpleCx
2158 : purpleCx
2158 : purpleCx
2158 : purpleCx
2159 : Hey
2159 : BabyRage
2160 : BabyRage
2160 : 4Head
2160 : TriHard
2161 : BabyRage
2161 : BabyRage
2164 : BabyRage
2164 : 4Head
2165 : BabyRage
2165 : BabyRage
2165 : BabyRage
2165 : BabyRage
2165 : BabyRage
2167 : BabyRage
2167 : BabyRage
2170 : Kappa
2170 : BabyRage
2171 : BabyRage
2174 : 4Head
2174 : BabyRage
2175 : BabyRage
2176 : BabyRage
2177 : BabyRage
2178 : BabyRage
2178 : BabyRage
2179 : BabyRage
2180 : BabyRage
2180 : DansGame
2181 : BabyRage
2181 : BabyRage
2181 : BabyRage
2182 : BabyRage
2183 : BabyRage
2183 : BabyRage
2183 : 4Head
2184 : BabyRage
2184 : BabyRage
2187 : BabyRage
2188 : Kappa
2188 : BabyRage
2189 : :(
2190 : BabyRage
2190 : 4Head
2191 : BabyRage
2191 : Kappa
2192 : ;)
2193 : BabyRage
2194 : Kappa
2195 : BabyRage
2195 : R
2195 : R
2195 : R
2196 : MingLee
2196 : MingLee
2198 : SeemsGood
2200 : BabyRage
2201 : BibleThump
2202 : BabyRage
2202 : EleGiggle
2205 : BibleThump
2206 : lirikLUL
2206 : Kappa
2207 : BabyRage
2208 : BibleThump
2209 : BabyRage
2209 : Kappa
2209 : BabyRage
2209 : BabyRage
2209 : BibleThump
2211 : Kappa
2211 : TriHard
2213 : BibleThump
2215 : BabyRage
2215 : NotLikeThis
2216 : Kappa
2217 : BabyRage
2217 : BabyRage
2218 : sodaTROLL
2218 : sodaTROLL
2218 : sodaTROLL
2218 : sodaTROLL
2218 : sodaTROLL
2218 : EleGiggle
2220 : EleGiggle
2221 : FailFish
2221 : Keepo
2225 : Kappa
2227 : BabyRage
2227 : :(
2227 : :(
2229 : EleGiggle
2229 : EleGiggle
2229 : EleGiggle
2230 : DansGame
2230 : :(
2230 : BibleThump
2230 : :(
2230 : 4Head
2232 : BibleThump
2233 : EleGiggle
2234 : :(
2235 : :(
2237 : KappaPride
2238 : TriHard
2238 : TriHard
2239 : BibleThump
2239 : BibleThump
2240 : TriHard
2240 : :(
2241 : TriHard
2241 : TriHard
2241 : TriHard
2244 : KappaPride
2245 : TriHard
2246 : TriHard
2246 : TriHard
2246 : TriHard
2246 : TriHard
2246 : TriHard
2247 : TriHard
2247 : TriHard
2251 : TriHard
2251 : sodaNOPE
2251 : TriHard
2251 : TriHard
2252 : TriHard
2252 : TriHard
2252 : :(
2254 : BibleThump
2255 : TriHard
2256 : TakeNRG
2256 : TBCheesePull
2256 : TBCheesePull
2256 : GivePLZ
2257 : BabyRage
2257 : MingLee
2258 : MingLee
2259 : DansGame
2260 : MingLee
2260 : OP
2261 : MingLee
2261 : MingLee
2261 : Kappa
2261 : MingLee
2261 : MingLee
2262 : MingLee
2262 : MingLee
2262 : MingLee
2262 : OpieOP
2263 : MingLee
2263 : DansGame
2263 : MingLee
2264 : MingLee
2265 : MingLee
2266 : MingLee
2267 : MingLee
2267 : BrokeBack
2268 : MingLee
2268 : DansGame
2268 : TriHard
2269 : BrokeBack
2269 : MingLee
2269 : MingLee
2269 : DansGame
2269 : MingLee
2269 : MingLee
2269 : MingLee
2269 : MingLee
2269 : MingLee
2269 : MingLee
2269 : MingLee
2269 : MingLee
2269 : MingLee
2269 : MingLee
2269 : TriHard
2271 : PogChamp
2273 : PogChamp
2273 : FailFish
2274 : PogChamp
2274 : PogChamp
2275 : PogChamp
2275 : PogChamp
2276 : PogChamp
2277 : MrDestructoid
2279 : MingLee
2279 : MingLee
2279 : PogChamp
2280 : PogChamp
2280 : PogChamp
2280 : PogChamp
2280 : R)
2280 : Happy
2280 : 4Head
2281 : PogChamp
2281 : DansGame
2283 : PogChamp
2284 : FailFish
2284 : DxAbomb
2284 : :P
2285 : DansGame
2286 : MingLee
2286 : MingLee
2286 : MingLee
2286 : MingLee
2286 : MingLee
2287 : MingLee
2287 : TriHard
2288 : MingLee
2288 : FailFish
2290 : MrDestructoid
2290 : MingLee
2290 : MingLee
2291 : MingLee
2292 : MingLee
2293 : MingLee
2294 : MingLee
2294 : MingLee
2295 : FailFish
2296 : KappaPride
2296 : DansGame
2296 : MingLee
2296 : KappaPride
2296 : MingLee
2298 : PogChamp
2298 : DatSheffy
2298 : sodaC
2299 : MingLee
2299 : MingLee
2299 : MingLee
2299 : MingLee
2299 : MingLee
2299 : MingLee
2299 : MingLee
2299 : MingLee
2299 : MingLee
2299 : MingLee
2299 : MingLee
2299 : MingLee
2299 : MingLee
2299 : MingLee
2299 : MingLee
2299 : MingLee
2299 : MingLee
2299 : MingLee
2299 : MingLee
2299 : MingLee
2300 : MingLee
2301 : OP
2301 : OP
2301 : OP
2301 : Kreygasm
2301 : Hey
2301 : TriHard
2301 : BibleThump
2302 : <3
2302 : <3
2302 : <3
2302 : <3
2302 : <3
2302 : <3
2302 : <3
2302 : <3
2302 : <3
2302 : <3
2302 : <3
2302 : <3
2302 : <3
2302 : <3
2302 : <3
2302 : <3
2302 : <3
2302 : <3
2302 : <3
2302 : <3
2302 : <3
2302 : <3
2302 : <3
2302 : <3
2302 : MingLee
2302 : MingLee
2302 : MingLee
2306 : <3
2306 : <3
2306 : <3
2306 : <3
2306 : <3
2306 : <3
2306 : <3
2306 : <3
2306 : <3
2306 : <3
2306 : <3
2306 : <3
2306 : <3
2306 : <3
2306 : <3
2307 : BabyRage
2310 : <3
2310 : <3
2310 : <3
2310 : <3
2310 : <3
2310 : <3
2310 : <3
2310 : <3
2310 : <3
2310 : <3
2310 : <3
2310 : <3
2310 : <3
2310 : <3
2310 : <3
2310 : <3
2310 : <3
2310 : <3
2310 : <3
2310 : <3
2310 : <3
2310 : BabyRage
2311 : EleGiggle
2313 : FailFish
2313 : MingLee
2313 : MingLee
2313 : GivePLZ
2313 : copyThis
2313 : pastaThat
2313 : imGlitch
2313 : copyThis
2313 : pastaThat
2313 : TakeNRG
2313 : BabyRage
2314 : <3
2314 : <3
2314 : <3
2314 : <3
2314 : <3
2314 : <3
2314 : <3
2314 : <3
2314 : <3
2314 : <3
2314 : <3
2314 : <3
2314 : <3
2314 : <3
2314 : <3
2314 : <3
2314 : <3
2314 : <3
2314 : <3
2314 : <3
2314 : <3
2314 : <3
2314 : <3
2314 : <3
2314 : <3
2314 : <3
2314 : <3
2314 : <3
2314 : <3
2314 : <3
2314 : <3
2314 : <3
2314 : <3
2314 : <3
2314 : <3
2314 : <3
2314 : sodaW
2315 : MingLee
2316 : MingLee
2316 : MingLee
2317 : MingLee
2317 : MingLee
2317 : MingLee
2318 : MingLee
2318 : MingLee
2318 : MingLee
2318 : MingLee
2318 : MingLee
2319 : MingLee
2319 : MingLee
2320 : WutFace
2320 : WutFace
2321 : MingLee
2321 : MingLee
2321 : MingLee
2322 : MingLee
2322 : MingLee
2322 : MingLee
2322 : MingLee
2325 : MingLee
2325 : TriHard
2325 : TriHard
2326 : MingLee
2326 : MingLee
2326 : MingLee
2326 : MingLee
2327 : MingLee
2328 : NotLikeThis
2328 : NotLikeThis
2329 : TriHard
2331 : MingLee
2333 : MingLee
2333 : R
2335 : PogChamp
2337 : Kreygasm
2337 : Kreygasm
2338 : PogChamp
2339 : PogChamp
2339 : <3
2339 : <3
2339 : <3
2339 : <3
2339 : <3
2339 : <3
2339 : <3
2339 : <3
2339 : <3
2339 : <3
2339 : <3
2339 : <3
2339 : <3
2339 : <3
2339 : <3
2341 : Kreygasm
2341 : PogChamp
2342 : BabyRage
2343 : DansGame
2344 : Kreygasm
2344 : PogChamp
2345 : DansGame
2347 : PogChamp
2347 : Kreygasm
2348 : SeemsGood
2350 : PogChamp
2351 : SeemsGood
2352 : SeemsGood
2354 : SeemsGood
2358 : Kappa
2360 : PogChamp
2361 : Kappa
2361 : Kappa
2361 : Kappa
2362 : Kappa
2363 : Kappa
2364 : Kappa
2364 : Kappa
2364 : Kappa
2365 : Kappa
2366 : Kappa
2366 : Kappa
2366 : Kappa
2366 : Kappa
2367 : Kappa
2367 : Kappa
2367 : Kappa
2367 : SSSsss
2368 : Kappa
2368 : Kappa
2368 : BabyRage
2368 : Kappa
2369 : Kappa
2370 : Kappa
2370 : Kappa
2371 : Kappa
2371 : Kappa
2372 : Kappa
2372 : Kappa
2372 : Kreygasm
2373 : Kreygasm
2373 : Kappa
2373 : Kappa
2373 : Kappa
2373 : KingMe
2373 : Kappa
2374 : Kappa
2375 : Kappa
2375 : Kappa
2375 : Kappa
2375 : PogChamp
2377 : Kappa
2377 : Kappa
2377 : Kappa
2378 : Kappa
2378 : Kappa
2378 : Kappa
2379 : Kappa
2379 : Kappa
2379 : PogChamp
2382 : Kappa
2382 : SSSsss
2383 : TriHard
2384 : Kappa
2384 : Kappa
2385 : PogChamp
2385 : KappaPride
2385 : PogChamp
2386 : :(
2386 : Kreygasm
2387 : Kappa
2387 : EleGiggle
2387 : CoolCat
2388 : sodaL
2389 : TriHard
2389 : TriHard
2389 : Kappa
2389 : PogChamp
2394 : TriHard
2394 : SSSsss
2394 : TriHard
2396 : TriHard
2397 : S
2397 : S
2398 : PogChamp
2400 : TriHard
2400 : 4Head
2402 : Kappa
2402 : Kappa
2402 : Kappa
2403 : 4Head
2405 : SSSsss
2414 : DxCat
2414 : DxCat
2415 : SwiftRage
2415 : SwiftRage
2415 : SwiftRage
2415 : SwiftRage
2415 : BabyRage
2421 : BrokeBack
2423 : sodaS
2423 : sodaS
2423 : sodaS
2423 : sodaS
2423 : sodaS
2423 : sodaS
2423 : sodaS
2423 : sodaS
2424 : HotPokket
2431 : <3
2431 : <3
2431 : <3
2431 : <3
2431 : <3
2431 : <3
2431 : <3
2431 : <3
2431 : <3
2431 : <3
2431 : <3
2431 : <3
2431 : <3
2431 : <3
2431 : <3
2432 : PogChamp
2438 : sodaRAGE
2438 : sodaRAGE
2440 : KingMe
2441 : Kappa
2445 : PogChamp
2445 : sodaPEPE
2445 : sodaPEPE
2445 : sodaPEPE
2445 : sodaPEPE
2445 : sodaPEPE
2447 : <3
2449 : SMOrc
2450 : SMOrc
2453 : Kappa
2453 : SMOrc
2457 : SMOrc
2458 : SMOrc
2458 : SMOrc
2459 : Kappa
2463 : PogChamp
2463 : NotLikeThis
2469 : PogChamp
2471 : MrDestructoid
2471 : MrDestructoid
2473 : MrDestructoid
2473 : MrDestructoid
2475 : MrDestructoid
2475 : MrDestructoid
2477 : MrDestructoid
2477 : MrDestructoid
2477 : TriHard
2478 : cmonBruh
2478 : SMOrc
2479 : 4Head
2480 : SMOrc
2480 : TriHard
2481 : MrDestructoid
2481 : MrDestructoid
2481 : SMOrc
2482 : BabyRage
2483 : MrDestructoid
2483 : MrDestructoid
2484 : SMOrc
2484 : SMOrc
2487 : cmonBruh
2488 : :)
2488 : TriHard
2488 : :)
2490 : MingLee
2490 : MingLee
2490 : MingLee
2491 : SMOrc
2491 : MingLee
2492 : MingLee
2492 : MingLee
2493 : MingLee
2494 : :)
2494 : MingLee
2494 : :)
2494 : MingLee
2495 : MingLee
2495 : MingLee
2495 : DansGame
2496 : MingLee
2496 : MingLee
2497 : MingLee
2497 : DansGame
2497 : :)
2498 : Kreygasm
2498 : MingLee
2499 : DansGame
2500 : DansGame
2501 : SeemsGood
2506 : MingLee
2506 : :)
2509 : Kappa
2510 : Kappa
2512 : PicoMause
2512 : BabyRage
2513 : BabyRage
2514 : TriHard
2514 : BabyRage
2515 : 4Head
2516 : BabyRage
2516 : OSkomodo
2516 : Kappa
2516 : PJSalt
2516 : Kappa
2516 : :(
2517 : BabyRage
2518 : WutFace
2519 : WutFace
2521 : PJSalt
2521 : SMOrc
2522 : WutFace
2522 : WutFace
2522 : PogChamp
2522 : BabyRage
2523 : BabyRage
2524 : SMOrc
2525 : BabyRage
2526 : 4Head
2528 : BabyRage
2528 : BabyRage
2528 : BabyRage
2528 : 4Head
2530 : 4Head
2530 : 4Head
2531 : Kappa
2531 : 4Head
2533 : sodaFeels
2533 : sodaFeels
2533 : EleGiggle
2535 : sodaW
2535 : KappaPride
2536 : moon2TEEHEE
2536 : KAPOW
2536 : EleGiggle
2539 : sodaHP
2539 : 4Head
2540 : 4Head
2542 : DansGame
2543 : PogChamp
2544 : Kappa
2544 : PogChamp
2545 : PogChamp
2547 : PogChamp
2548 : PogChamp
2549 : Kappa
2551 : PogChamp
2553 : EleGiggle
2555 : TriHard
2558 : TriHard
2558 : SMOrc
2558 : TriHard
2559 : TriHard
2560 : KevinTurtle
2561 : TriHard
2561 : TriHard
2561 : TriHard
2561 : TriHard
2561 : TriHard
2562 : TriHard
2562 : cmonBruh
2562 : TriHard
2562 : TriHard
2562 : TriHard
2563 : TriHard
2563 : TriHard
2563 : TriHard
2563 : TriHard
2564 : KappaPride
2564 : KappaPride
2564 : KappaPride
2564 : KappaPride
2564 : KappaPride
2564 : KappaPride
2564 : KappaPride
2564 : TriHard
2564 : :D
2566 : TriHard
2566 : TriHard
2567 : PogChamp
2567 : TriHard
2568 : TriHard
2568 : KappaPride
2568 : KappaPride
2568 : KappaPride
2568 : KappaPride
2568 : KappaPride
2568 : KappaPride
2568 : KappaPride
2569 : TriHard
2571 : TriHard
2571 : TriHard
2571 : TriHard
2572 : TriHard
2573 : sodaG
2573 : 4Head
2574 : KappaPride
2574 : KappaPride
2574 : KappaPride
2574 : KappaPride
2574 : KappaPride
2574 : KappaPride
2574 : KappaPride
2575 : TriHard
2577 : TriHard
2578 : 4Head
2578 : TriHard
2579 : sodaG
2580 : krippChamp
2580 : TriHard
2581 : Kreygasm
2581 : BabyRage
2581 : TriHard
2582 : Kappa
2583 : NotLikeThis
2587 : Kreygasm
2587 : Kappa
2590 : TriHard
2590 : KappaPride
2591 : TriHard
2591 : ;)
2592 : DatSheffy
2598 : PogChamp
2598 : :D
2598 : sodaRAGE
2598 : BabyRage
2602 : :D
2603 : BabyRage
2604 : PogChamp
2605 : BabyRage
2605 : SMOrc
2610 : 4Head
2612 : DansGame
2613 : SMOrc
2614 : CorgiDerp
2614 : WutFace
2615 : SMOrc
2616 : SMOrc
2618 : OhMyDog
2618 : SMOrc
2621 : SMOrc
2621 : SMOrc
2621 : KappaPride
2621 : Kreygasm
2622 : SMOrc
2623 : FrankerZ
2623 : DansGame
2623 : DansGame
2623 : DansGame
2624 : PogChamp
2624 : SMOrc
2624 : GG
2626 : forsenGun
2626 : forsenGun
2626 : forsenGun
2626 : forsenGun
2626 : forsenGun
2626 : forsenGun
2626 : forsenGun
2626 : forsenGun
2626 : forsenGun
2627 : SMOrc
2628 : SMOrc
2629 : GG
2629 : PJSalt
2629 : PJSalt
2629 : PJSalt
2629 : PJSalt
2632 : DansGame
2633 : boatyVV
2634 : boatyVV
2635 : boatyVV
2635 : boatyVV
2636 : WutFace
2638 : Kreygasm
2638 : DansGame
2639 : JonCarnage
2639 : MrDestructoid
2639 : MrDestructoid
2639 : MrDestructoid
2639 : MrDestructoid
2639 : MrDestructoid
2639 : MrDestructoid
2639 : MrDestructoid
2639 : MrDestructoid
2640 : NotLikeThis
2641 : DansGame
2641 : DansGame
2641 : DansGame
2641 : sodaL
2643 : Kreygasm
2643 : Kreygasm
2643 : Kreygasm
2643 : Kreygasm
2643 : Kreygasm
2644 : DansGame
2645 : DansGame
2645 : DansGame
2645 : :)
2654 : sodaNLT
2655 : PartyTime
2656 : PogChamp
2656 : PogChamp
2656 : PogChamp
2656 : PogChamp
2657 : boatyVV
2657 : Kappa
2658 : WutFace
2659 : BabyRage
2660 : VoHiYo
2660 : VoHiYo
2660 : VoHiYo
2660 : VoHiYo
2660 : VoHiYo
2661 : WutFace
2662 : BabyRage
2662 : :D
2663 : VoHiYo
2663 : VoHiYo
2663 : VoHiYo
2663 : VoHiYo
2663 : VoHiYo
2663 : OMGScoots
2667 : SMOrc
2675 : TriHard
2675 : TriHard
2675 : TriHard
2675 : TriHard
2675 : TriHard
2675 : TriHard
2675 : TriHard
2675 : TriHard
2675 : TriHard
2677 : SMOrc
2679 : TriHard
2681 : EleGiggle
2681 : TriHard
2682 : SMOrc
2682 : BabyRage
2683 : lirikLUL
2683 : TriHard
2685 : EleGiggle
2692 : WutFace
2692 : WutFace
2694 : PogChamp
2694 : lirikLEWD
2694 : SMOrc
2694 : EleGiggle
2694 : EleGiggle
2694 : EleGiggle
2694 : EleGiggle
2694 : EleGiggle
2694 : EleGiggle
2694 : EleGiggle
2694 : EleGiggle
2694 : WutFace
2695 : WutFace
2696 : WutFace
2696 : PogChamp
2697 : WutFace
2697 : PogChamp
2697 : PogChamp
2698 : PogChamp
2698 : PogChamp
2699 : PogChamp
2699 : WutFace
2699 : WutFace
2699 : WutFace
2699 : WutFace
2699 : PogChamp
2700 : PogChamp
2700 : PogChamp
2700 : sodaL
2700 : PogChamp
2700 : PogChamp
2700 : PogChamp
2700 : PogChamp
2700 : WutFace
2702 : PogChamp
2702 : TriHard
2702 : PogChamp
2704 : PogChamp
2704 : PogChamp
2705 : PogChamp
2706 : GG
2706 : PogChamp
2708 : PogChamp
2709 : PogChamp
2710 : PogChamp
2710 : sodaS
2710 : PogChamp
2712 : Kappa
2712 : PogChamp
2712 : PJSalt
2712 : PJSalt
2712 : PJSalt
2712 : PogChamp
2712 : PogChamp
2713 : PogChamp
2714 : PogChamp
2714 : PogChamp
2714 : PogChamp
2714 : PogChamp
2715 : PogChamp
2715 : PogChamp
2715 : PogChamp
2716 : PogChamp
2716 : PogChamp
2718 : VoHiYo
2718 : VoHiYo
2718 : VoHiYo
2718 : VoHiYo
2718 : VoHiYo
2718 : PogChamp
2719 : Kappa
2722 : FailFish
2722 : OP
2722 : Keepo
2725 : KappaPride
2725 : sodaFAB
2726 : Kreygasm
2726 : EleGiggle
2726 : EleGiggle
2726 : EleGiggle
2726 : EleGiggle
2726 : EleGiggle
2726 : Kappa
2728 : KappaPride
2728 : TriHard
2729 : EleGiggle
2729 : KappaPride
2730 : sodaFAB
2730 : KappaPride
2730 : Kappa
2730 : KappaPride
2730 : sodaFAB
2731 : KappaPride
2732 : WutFace
2732 : KappaPride
2733 : <3
2733 : <3
2733 : <3
2733 : <3
2733 : <3
2733 : <3
2733 : <3
2733 : <3
2733 : <3
2733 : <3
2733 : <3
2733 : <3
2733 : <3
2733 : <3
2733 : <3
2733 : <3
2733 : <3
2733 : <3
2734 : KappaPride
2734 : FailFish
2734 : FailFish
2734 : FailFish
2735 : EleGiggle
2735 : EleGiggle
2735 : EleGiggle
2735 : EleGiggle
2735 : EleGiggle
2741 : <3
2741 : <3
2741 : <3
2741 : <3
2741 : <3
2741 : <3
2741 : <3
2741 : <3
2741 : <3
2741 : <3
2741 : <3
2741 : <3
2741 : <3
2741 : <3
2741 : <3
2741 : <3
2741 : <3
2741 : <3
2742 : FailFish
2743 : TriHard
2749 : dadoPotato
2749 : dadoPotato
2749 : dadoPotato
2749 : dadoPotato
2749 : dadoPotato
2749 : dadoPotato
2752 : DansGame
2752 : DansGame
2752 : TriHard
2757 : boatyVV
2758 : KappaPride
2761 : NomNom
2761 : NomNom
2761 : NomNom
2761 : NomNom
2764 : Kappa
2765 : VoHiYo
2765 : VoHiYo
2765 : VoHiYo
2765 : VoHiYo
2765 : VoHiYo
2765 : VoHiYo
2765 : VoHiYo
2765 : VoHiYo
2765 : VoHiYo
2765 : VoHiYo
2765 : VoHiYo
2765 : VoHiYo
2765 : VoHiYo
2765 : VoHiYo
2765 : VoHiYo
2765 : VoHiYo
2765 : VoHiYo
2765 : VoHiYo
2765 : VoHiYo
2765 : VoHiYo
2765 : VoHiYo
2765 : VoHiYo
2765 : VoHiYo
2765 : VoHiYo
2765 : VoHiYo
2765 : VoHiYo
2765 : VoHiYo
2765 : VoHiYo
2765 : VoHiYo
2765 : VoHiYo
2765 : VoHiYo
2765 : VoHiYo
2765 : VoHiYo
2765 : VoHiYo
2765 : VoHiYo
2765 : VoHiYo
2765 : VoHiYo
2765 : VoHiYo
2765 : VoHiYo
2765 : VoHiYo
2766 : Kappa
2769 : <3
2769 : <3
2769 : <3
2769 : <3
2769 : <3
2769 : <3
2769 : <3
2769 : <3
2769 : <3
2769 : <3
2769 : <3
2769 : <3
2769 : <3
2769 : <3
2769 : <3
2769 : <3
2769 : <3
2769 : <3
2769 : <3
2769 : <3
2769 : <3
2769 : <3
2769 : <3
2769 : <3
2772 : FailFish
2782 : PogChamp
2786 : Kappa
2786 : PogChamp
2787 : FailFish
2788 : Kappa
2788 : FailFish
2789 : VoHiYo
2789 : VoHiYo
2789 : VoHiYo
2789 : VoHiYo
2789 : VoHiYo
2789 : VoHiYo
2789 : VoHiYo
2789 : VoHiYo
2789 : VoHiYo
2789 : VoHiYo
2790 : FailFish
2794 : BrokeBack
2797 : Kappa
2798 : <3
2798 : <3
2798 : <3
2798 : <3
2798 : <3
2798 : <3
2798 : <3
2798 : <3
2798 : <3
2798 : <3
2798 : <3
2798 : <3
2798 : <3
2798 : <3
2798 : <3
2798 : <3
2798 : <3
2798 : <3
2798 : <3
2798 : <3
2798 : <3
2798 : <3
2798 : <3
2798 : <3
2800 : DansGame
2800 : MingLee
2801 : FailFish
2802 : DansGame
2802 : DansGame
2802 : DansGame
2802 : DansGame
2803 : Kappa
2804 : Kappa
2804 : Kappa
2807 : Kappa
2807 : TriHard
2808 : DansGame
2808 : DansGame
2808 : DansGame
2809 : DansGame
2811 : Kappa
2812 : Kreygasm
2812 : NotLikeThis
2812 : DansGame
2812 : DansGame
2812 : Kappa
2814 : PogChamp
2814 : PogChamp
2815 : Kreygasm
2817 : EleGiggle
2817 : DansGame
2818 : DansGame
2822 : KappaPride
2827 : FailFish
2827 : PogChamp
2827 : DansGame
2836 : :)
2836 : sodaL
2838 : Kappa
2838 : Kappa
2838 : Kappa
2838 : Kappa
2838 : Kappa
2838 : Kappa
2838 : Kappa
2838 : Kappa
2838 : Kappa
2838 : Kappa
2838 : Kappa
2838 : Kappa
2838 : Kappa
2838 : Kappa
2838 : Kappa
2838 : Kappa
2838 : Kappa
2838 : Kappa
2838 : Kappa
2838 : Kappa
2838 : Kappa
2838 : Kappa
2838 : Kappa
2838 : Kappa
2838 : Kappa
2838 : Kappa
2838 : Kappa
2838 : Kappa
2838 : Kappa
2838 : Kappa
2838 : Kappa
2838 : Kappa
2838 : Kreygasm
2841 : TriHard
2841 : TriHard
2849 : TriHard
2859 : EleGiggle
2860 : TriHard
2860 : Kappa
2860 : JonCarnage
2862 : 4Head
2862 : 4Head
2863 : danLUL
2865 : EleGiggle
2865 : EleGiggle
2867 : SwiftRage
2869 : DansGame
2870 : Kappa
2885 : EleGiggle
2885 : :)
2886 : sodaHeyGuys
2887 : 4Head
2887 : NotLikeThis
2887 : DatSheffy
2888 : HeyGuys
2891 : HeyGuys
2897 : sodaL
2901 : :o
2902 : :D
2902 : :D
2902 : :D
2902 : :D
2903 : HeyGuys
2907 : EleGiggle
2908 : danTroll
2910 : 4Head
2915 : FailFish
2918 : sodaL
2920 : EleGiggle
2920 : FailFish
2922 : sodaL
2925 : Kappa
2928 : sodaL
2932 : sodaL
2936 : DansGame
2936 : KappaPride
2936 : sodaL
2939 : DansGame
2940 : DansGame
2941 : TriHard
2941 : DansGame
2941 : sodaL
2942 : WutFace
2943 : DansGame
2946 : TriHard
2947 : DansGame
2947 : sodaNOPE
2949 : DansGame
2949 : DansGame
2951 : DansGame
2951 : DansGame
2952 : SMOrc
2952 : WutFace
2952 : WutFace
2955 : DansGame
2957 : DansGame
2957 : DansGame
2958 : DansGame
2959 : DansGame
2959 : sodaL
2960 : NotLikeThis
2960 : NotLikeThis
2960 : NotLikeThis
2960 : NotLikeThis
2960 : NotLikeThis
2960 : NotLikeThis
2960 : NotLikeThis
2960 : NotLikeThis
2960 : WutFace
2962 : NotLikeThis
2962 : NotLikeThis
2962 : NotLikeThis
2962 : NotLikeThis
2962 : NotLikeThis
2962 : NotLikeThis
2962 : NotLikeThis
2962 : NotLikeThis
2962 : NotLikeThis
2962 : NotLikeThis
2962 : NotLikeThis
2962 : DansGame
2962 : DansGame
2963 : DansGame
2965 : NotLikeThis
2965 : NotLikeThis
2965 : NotLikeThis
2965 : NotLikeThis
2965 : NotLikeThis
2965 : NotLikeThis
2965 : NotLikeThis
2965 : NotLikeThis
2965 : NotLikeThis
2965 : NotLikeThis
2965 : NotLikeThis
2965 : NotLikeThis
2965 : NotLikeThis
2965 : NotLikeThis
2965 : NotLikeThis
2965 : NotLikeThis
2965 : NotLikeThis
2967 : DansGame
2967 : DansGame
2967 : DansGame
2967 : sodaPUKE
2967 : sodaPUKE
2967 : sodaPUKE
2967 : sodaPUKE
2969 : sodaL
2973 : WutFace
2975 : NotLikeThis
2975 : NotLikeThis
2975 : NotLikeThis
2975 : NotLikeThis
2975 : NotLikeThis
2975 : NotLikeThis
2975 : NotLikeThis
2975 : NotLikeThis
2975 : NotLikeThis
2975 : NotLikeThis
2978 : :
2979 : nocH
2981 : FailFish
2985 : Kappa
2989 : SMOrc
2990 : DansGame
2990 : sodaL
2991 : HotPokket
2993 : FailFish
2998 : :
3000 : TriHard
3003 : NotLikeThis
3008 : FailFish
3009 : :)
3009 : :)
3009 : :)
3009 : :)
3009 : :)
3009 : :)
3009 : :)
3009 : :)
3009 : :)
3009 : :)
3009 : :)
3009 : Kreygasm
3013 : WutFace
3014 : moon2TEEHEE
3016 : TriHard
3018 : WutFace
3019 : DansGame
3019 : moon2TEEHEE
3020 : WutFace
3021 : WutFace
3023 : WutFace
3023 : WutFace
3024 : WutFace
3025 : SwiftRage
3026 : moon2TEEHEE
3026 : moon2TEEHEE
3026 : moon2TEEHEE
3026 : moon2TEEHEE
3026 : WutFace
3026 : WutFace
3027 : TriHard
3028 : WutFace
3028 : :)
3029 : WutFace
3029 : WutFace
3029 : WutFace
3029 : WutFace
3029 : WutFace
3029 : WutFace
3033 : WutFace
3033 : Keepo
3034 : TriHard
3034 : WutFace
3034 : WutFace
3034 : WutFace
3035 : PJSalt
3035 : PJSalt
3035 : PJSalt
3036 : :)
3039 : WutFace
3040 : EleGiggle
3042 : Kappa
3042 : sodaFeels
3044 : BibleThump
3044 : WutFace
3045 : <3
3046 : :(
3048 : TriHard
3048 : TriHard
3049 : 4Head
3049 : 4Head
3050 : BibleThump
3051 : BibleThump
3052 : Kappa
3053 : lirikLUL
3056 : TriHard
3056 : PogChamp
3060 : BibleThump
3060 : BibleThump
3062 : 4Head
3063 : WutFace
3064 : BibleThump
3071 : PogChamp
3072 : PogChamp
3073 : Kappa
3073 : SMOrc
3073 : SMOrc
3073 : SMOrc
3073 : SMOrc
3073 : SMOrc
3073 : SMOrc
3073 : SMOrc
3077 : <3
3077 : 4Head
3079 : Kappa
3084 : Kappa
3085 : Kappa
3085 : TriHard
3085 : Kappa
3086 : Kappa
3087 : TriHard
3087 : Kappa
3088 : TriHard
3088 : Kappa
3088 : Kappa
3089 : TriHard
3090 : TriHard
3090 : TriHard
3090 : TriHard
3090 : Kappa
3090 : TriHard
3090 : TriHard
3090 : Kappa
3091 : Kappa
3091 : TriHard
3092 : Kappa
3092 : TriHard
3092 : Kappa
3092 : TriHard
3093 : TriHard
3094 : TriHard
3094 : Kappa
3094 : DansGame
3094 : TriHard
3096 : TriHard
3097 : Kappa
3097 : Kappa
3097 : Kappa
3097 : TriHard
3098 : TriHard
3098 : TriHard
3099 : WutFace
3099 : TriHard
3100 : DansGame
3100 : DansGame
3100 : DansGame
3100 : NotLikeThis
3100 : TriHard
3100 : KappaPride
3101 : Kappa
3101 : TriHard
3102 : Kappa
3102 : Kappa
3102 : TriHard
3103 : KappaPride
3103 : Kappa
3103 : FailFish
3105 : SMOrc
3105 : SMOrc
3105 : SMOrc
3105 : SMOrc
3107 : Kappa
3107 : KappaPride
3107 : KappaPride
3107 : KappaPride
3108 : Kappa
3109 : KingMe
3109 : KingMe
3112 : sodaL
3113 : PogChamp
3114 : KingMe
3115 : 4Head
3115 : Kappa
3118 : Kappa
3120 : anniesHi
3120 : anniesL
3120 : anniesW
3120 : anniesHype
3120 : <3
3123 : Kappa
3124 : DansGame
3126 : sodaL
3126 : SMOrc
3126 : VoHiYo
3127 : sodaRIOT
3127 : sodaRIOT
3127 : sodaRIOT
3127 : sodaRIOT
3127 : sodaRIOT
3129 : BibleThump
3131 : PogChamp
3132 : Kappa
3132 : cynicalUL
3134 : PogChamp
3134 : <3
3134 : VoHiYo
3136 : sodaL
3137 : Kreygasm
3138 : KappaPride
3141 : Kreygasm
3146 : S
3146 : Kreygasm
3146 : sodaL
3147 : SMOrc
3147 : SMOrc
3147 : SMOrc
3147 : SMOrc
3147 : SMOrc
3147 : SMOrc
3147 : SMOrc
3147 : SMOrc
3147 : SMOrc
3147 : SMOrc
3147 : SMOrc
3147 : SMOrc
3147 : SMOrc
3147 : SMOrc
3147 : SMOrc
3148 : <3
3148 : anniesHi
3148 : anniesL
3148 : anniesW
3148 : moon2GASM
3148 : moon2GASM
3148 : moon2GASM
3152 : sodaL
3154 : S
3158 : S
3160 : sodaL
3164 : WutFace
3164 : DansGame
3166 : Kappa
3166 : Kappa
3166 : Kappa
3166 : Kappa
3166 : Kappa
3166 : Kappa
3171 : slootyCreep
3171 : slootyCreep
3175 : sodaL
3177 : KappaPride
3179 : Kreygasm
3180 : ANELE
3182 : :)
3190 : anniesHi
3190 : anniesL
3190 : anniesW
3191 : <3
3192 : KappaPride
3192 : sodaL
3196 : Kappa
3202 : OSfrog
3205 : Keepo
3205 : PogChamp
3205 : sodaL
3205 : Kappa
3211 : Kappa
3213 : DansGame
3218 : Keepo
3220 : OSfrog
3225 : Keepo
3226 : sodaC
3227 : DatSheffy
3228 : PogChamp
3229 : DansGame
3230 : DansGame
3234 : anniesHi
3234 : anniesL
3234 : anniesW
3234 : DansGame
3238 : Keepo
3239 : Kreygasm
3240 : DansGame
3240 : BibleThump
3243 : DansGame
3243 : DansGame
3243 : SMOrc
3248 : FailFish
3252 : :D
3253 : HeyGuys
3253 : Kappa
3256 : :(
3257 : DansGame
3257 : Kappa
3257 : PogChamp
3257 : SMOrc
3257 : SMOrc
3257 : SMOrc
3257 : SMOrc
3257 : SMOrc
3257 : SMOrc
3257 : SMOrc
3257 : SMOrc
3257 : SMOrc
3257 : SMOrc
3257 : SMOrc
3257 : SMOrc
3257 : SMOrc
3257 : SMOrc
3257 : SMOrc
3262 : HeyGuys
3263 : TriHard
3263 : TriHard
3263 : TriHard
3263 : TriHard
3263 : TriHard
3263 : TriHard
3263 : TriHard
3263 : TriHard
3263 : TriHard
3267 : SMOrc
3267 : DansGame
3269 : PogChamp
3269 : PogChamp
3270 : EleGiggle
3270 : WutFace
3270 : Kreygasm
3271 : SMOrc
3271 : DansGame
3271 : PogChamp
3272 : PogChamp
3272 : PogChamp
3272 : PogChamp
3272 : PogChamp
3273 : DansGame
3273 : PogChamp
3273 : DansGame
3273 : PogChamp
3273 : MingLee
3273 : Kreygasm
3273 : Kreygasm
3273 : Kreygasm
3273 : Kreygasm
3273 : Kreygasm
3274 : DansGame
3275 : DansGame
3277 : DansGame
3278 : DansGame
3279 : DansGame
3279 : PogChamp
3279 : PogChamp
3279 : DansGame
3281 : DansGame
3281 : VoHiYo
3281 : VoHiYo
3282 : ichiGasm
3282 : ichiGasm
3282 : ichiGasm
3282 : ichiGasm
3284 : FailFish
3284 : SMOrc
3284 : HeyGuys
3286 : DansGame
3286 : OpieOP
3287 : TriHard
3287 : DansGame
3287 : Kappa
3287 : Kappa
3287 : Kappa
3291 : FailFish
3292 : DansGame
3292 : DansGame
3295 : sodaL
3295 : PogChamp
3295 : HotPokket
3297 : SMOrc
3298 : DansGame
3298 : PogChamp
3301 : DansGame
3301 : PogChamp
3306 : PogChamp
3306 : Kreygasm
3306 : PogChamp
3307 : PogChamp
3310 : DansGame
3311 : :o
3312 : PogChamp
3312 : PogChamp
3312 : DansGame
3312 : DansGame
3312 : DansGame
3312 : DansGame
3312 : DansGame
3312 : DansGame
3312 : DansGame
3312 : PogChamp
3314 : DansGame
3314 : DansGame
3314 : DansGame
3314 : DansGame
3314 : DansGame
3314 : DansGame
3314 : DansGame
3314 : DansGame
3314 : DansGame
3314 : DansGame
3314 : DansGame
3314 : DansGame
3314 : DansGame
3314 : DansGame
3315 : PogChamp
3315 : DansGame
3315 : DansGame
3315 : DansGame
3315 : DansGame
3315 : DansGame
3317 : PogChamp
3317 : DansGame
3317 : DansGame
3317 : DansGame
3317 : DansGame
3317 : DansGame
3317 : DansGame
3317 : DansGame
3317 : DansGame
3317 : DansGame
3317 : DansGame
3317 : DansGame
3317 : DansGame
3317 : DansGame
3317 : DansGame
3319 : PogChamp
3320 : DansGame
3320 : DansGame
3320 : DansGame
3320 : DansGame
3320 : DansGame
3320 : DansGame
3320 : DansGame
3320 : DansGame
3320 : DansGame
3320 : DansGame
3320 : DansGame
3320 : DansGame
3320 : DansGame
3320 : DansGame
3320 : DansGame
3320 : DansGame
3320 : DansGame
3320 : DansGame
3321 : VoteYea
3321 : VoteYea
3321 : VoteYea
3321 : VoteYea
3324 : sodaL
3324 : SMOrc
3324 : DansGame
3326 : SeemsGood
3327 : sodaPUKE
3327 : sodaPUKE
3327 : sodaPUKE
3327 : sodaPUKE
3327 : sodaPUKE
3327 : sodaPUKE
3328 : PogChamp
3328 : SMOrc
3328 : SMOrc
3328 : SMOrc
3328 : SMOrc
3328 : SMOrc
3328 : SMOrc
3328 : SMOrc
3328 : SMOrc
3328 : SMOrc
3328 : SMOrc
3328 : SMOrc
3328 : SMOrc
3328 : SMOrc
3328 : SMOrc
3328 : SMOrc
3328 : SMOrc
3328 : SMOrc
3328 : SMOrc
3328 : SMOrc
3328 : SMOrc
3330 : DansGame
3331 : DansGame
3331 : DansGame
3331 : DansGame
3331 : DansGame
3331 : DansGame
3331 : DansGame
3331 : DansGame
3331 : DansGame
3331 : DansGame
3331 : DansGame
3331 : DansGame
3331 : DansGame
3333 : DansGame
3333 : DansGame
3333 : DansGame
3333 : DansGame
3333 : DansGame
3333 : DansGame
3333 : DansGame
3333 : DansGame
3333 : DansGame
3333 : DansGame
3333 : DansGame
3333 : DansGame
3333 : DansGame
3333 : DansGame
3333 : DansGame
3333 : DansGame
3333 : DansGame
3335 : :
3335 : SMOrc
3337 : BibleThump
3337 : SMOrc
3337 : SMOrc
3337 : SMOrc
3337 : SMOrc
3337 : SMOrc
3337 : SMOrc
3337 : SMOrc
3337 : SMOrc
3337 : SMOrc
3337 : SMOrc
3337 : SMOrc
3340 : WutFace
3340 : WutFace
3340 : WutFace
3341 : DansGame
3341 : EleGiggle
3344 : SMOrc
3344 : SMOrc
3344 : SMOrc
3344 : SMOrc
3344 : SMOrc
3344 : SMOrc
3345 : sodaL
3347 : DansGame
3347 : WutFace
3347 : WutFace
3347 : WutFace
3347 : WutFace
3347 : WutFace
3350 : 4Head
3355 : DansGame
3359 : DansGame
3362 : 4Head
3364 : Kreygasm
3365 : sodaTROLL
3373 : DansGame
3376 : :(
3377 : PogChamp
3378 : DansGame
3382 : DansGame
3384 : DansGame
3384 : GG
3384 : DansGame
3385 : SMOrc
3385 : DansGame
3385 : VoteNay
3385 : VoteNay
3385 : VoteNay
3386 : DansGame
3387 : DansGame
3388 : DansGame
3389 : WutFace
3390 : VoteNay
3390 : FailFish
3391 : DansGame
3392 : VoteYea
3392 : DansGame
3394 : DansGame
3394 : TriHard
3395 : DansGame
3401 : DansGame
3401 : WutFace
3402 : Kappa
3402 : Kappa
3402 : Kappa
3402 : Kappa
3402 : Kappa
3402 : Kappa
3402 : Kappa
3402 : Kappa
3402 : Kappa
3402 : Kappa
3402 : Kappa
3402 : Kappa
3402 : Kappa
3402 : Kappa
3402 : Kappa
3402 : Kappa
3402 : Kappa
3402 : Kappa
3402 : Kappa
3402 : Kappa
3402 : Kappa
3402 : Kappa
3406 : Kappa
3406 : Kappa
3406 : Kappa
3407 : Kappa
3408 : Kappa
3408 : Kappa
3408 : Kappa
3408 : Kappa
3408 : Kappa
3408 : Kappa
3409 : PogChamp
3409 : PogChamp
3409 : Kappa
3409 : Kappa
3409 : PogChamp
3410 : PogChamp
3410 : Kappa
3410 : Kappa
3410 : Kappa
3410 : PogChamp
3411 : Kappa
3411 : Kappa
3411 : Kappa
3411 : Kappa
3411 : Kappa
3411 : Kappa
3411 : PogChamp
3411 : Kappa
3411 : Kappa
3412 : PogChamp
3412 : Kappa
3412 : Kappa
3412 : PogChamp
3412 : Kappa
3412 : Kappa
3412 : PogChamp
3412 : Kappa
3412 : PogChamp
3413 : PogChamp
3413 : Kappa
3414 : Kappa
3414 : Kappa
3414 : Kappa
3415 : Kappa
3415 : Kappa
3415 : Kappa
3415 : PogChamp
3415 : PogChamp
3415 : Kappa
3415 : PogChamp
3415 : Kappa
3415 : Kappa
3415 : Kappa
3415 : Kappa
3415 : Kappa
3416 : Kappa
3416 : Kappa
3416 : Kappa
3416 : PogChamp
3416 : PogChamp
3416 : KAPPA
3416 : Kappa
3416 : Kappa
3417 : Kappa
3417 : Kappa
3417 : Kappa
3417 : Kappa
3418 : Kappa
3418 : Kreygasm
3419 : Kappa
3419 : sodaTROLL
3419 : Kappa
3419 : PogChamp
3419 : Kappa
3419 : Kappa
3419 : Kappa
3419 : Kappa
3420 : Kappa
3420 : Kappa
3420 : Kappa
3420 : Kappa
3421 : Kappa
3421 : Kappa
3421 : Kappa
3421 : Kappa
3421 : Kappa
3421 : Kappa
3421 : Kappa
3422 : Kappa
3422 : Kappa
3422 : Kappa
3422 : PogChamp
3422 : Kappa
3422 : Kappa
3423 : BibleThump
3423 : Kappa
3423 : Kappa
3423 : Kappa
3424 : Kappa
3424 : Kappa
3424 : Kappa
3424 : Kappa
3424 : Kappa
3425 : Kappa
3425 : Kappa
3425 : Kappa
3425 : Kappa
3425 : Kappa
3425 : Kappa
3426 : Kappa
3426 : Kappa
3426 : Kappa
3426 : PogChamp
3426 : Kappa
3426 : PogChamp
3426 : Kappa
3426 : Kappa
3427 : Kappa
3427 : Kappa
3427 : Kappa
3428 : Keepo
3428 : lirikGOOD
3428 : KappaPride
3429 : Kappa
3429 : Kappa
3430 : Kappa
3430 : Kappa
3430 : Kappa
3430 : PogChamp
3430 : Kappa
3430 : Kappa
3431 : Kappa
3431 : Kappa
3431 : Kappa
3431 : Kappa
3432 : PogChamp
3432 : PogChamp
3432 : PogChamp
3432 : PogChamp
3432 : PogChamp
3432 : PogChamp
3432 : Kappa
3432 : Kappa
3433 : Keepo
3434 : Kappa
3435 : Kappa
3435 : Kappa
3435 : KappaPride
3435 : KappaPride
3435 : KappaPride
3435 : KappaPride
3436 : Kappa
3436 : Kappa
3437 : Kappa
3438 : Kappa
3438 : Kappa
3440 : Kappa
3440 : Kappa
3440 : Kappa
3440 : Kappa
3440 : Kappa
3440 : Kappa
3440 : Kappa
3440 : Kappa
3440 : Kappa
3440 : Kappa
3440 : Kappa
3440 : Kappa
3440 : Kappa
3440 : Kappa
3440 : Kappa
3440 : Kappa
3440 : Kappa
3440 : Kappa
3440 : Kappa
3440 : Kappa
3440 : Kappa
3440 : Kappa
3440 : Kappa
3441 : Kappa
3441 : Kappa
3441 : Kappa
3441 : Kappa
3442 : Kappa
3444 : Kappa
3446 : KAPPA
3449 : DansGame
3449 : DansGame
3450 : DansGame
3450 : EleGiggle
3451 : Kappa
3452 : Kappa
3452 : Kappa
3452 : DansGame
3453 : DansGame
3453 : RuleFive
3453 : Kappa
3455 : DansGame
3456 : DansGame
3456 : Kappa
3456 : Kappa
3456 : Kappa
3456 : DansGame
3458 : DansGame
3459 : FailFish
3459 : DansGame
3459 : DansGame
3459 : DansGame
3459 : DansGame
3459 : DansGame
3459 : DansGame
3460 : Kappa
3460 : Kappa
3462 : TriHard
3464 : Kappa
3464 : Kappa
3464 : BabyRage
3465 : TriHard
3466 : TriHard
3466 : Kappa
3466 : Kappa
3466 : Kappa
3466 : Kappa
3466 : Kappa
3466 : Kappa
3466 : Kappa
3466 : Kappa
3466 : Kappa
3466 : Kappa
3466 : Kappa
3466 : Kappa
3466 : Kappa
3466 : Kappa
3466 : Kappa
3466 : Kappa
3466 : Kappa
3466 : Kappa
3466 : Kappa
3466 : Kappa
3466 : Kappa
3466 : Kappa
3466 : TriHard
3467 : Kappa
3467 : TriHard
3468 : TriHard
3468 : TriHard
3469 : TriHard
3471 : cmonBruh
3471 : Kappa
3471 : Kappa
3473 : cmonBruh
3475 : TriHard
3475 : SMOrc
3475 : SMOrc
3475 : SMOrc
3475 : SMOrc
3475 : SMOrc
3475 : SMOrc
3475 : SMOrc
3475 : SMOrc
3475 : SMOrc
3475 : SMOrc
3475 : SMOrc
3475 : SMOrc
3475 : SMOrc
3475 : SMOrc
3475 : SMOrc
3476 : DansGame
3476 : TriHard
3478 : TriHard
3478 : RuleFive
3479 : WutFace
3479 : PogChamp
3479 : HeyGuys
3479 : sodaL
3479 : sodaPUKE
3480 : Kappa
3480 : Kappa
3482 : SMOrc
3482 : SMOrc
3482 : SMOrc
3482 : SMOrc
3482 : SMOrc
3482 : SMOrc
3482 : SMOrc
3482 : SMOrc
3482 : SMOrc
3482 : SMOrc
3482 : SMOrc
3482 : SMOrc
3482 : SMOrc
3482 : SMOrc
3482 : SMOrc
3483 : SMOrc
3483 : Kappa
3483 : BabyRage
3484 : danPuke
3484 : SMOrc
3484 : SMOrc
3484 : SMOrc
3484 : SMOrc
3484 : SMOrc
3484 : SMOrc
3484 : SMOrc
3484 : SMOrc
3484 : SMOrc
3484 : SMOrc
3484 : SMOrc
3484 : SMOrc
3484 : SMOrc
3484 : SMOrc
3484 : SMOrc
3484 : SMOrc
3485 : SMOrc
3485 : SMOrc
3485 : SMOrc
3485 : SMOrc
3485 : SMOrc
3485 : SMOrc
3485 : SMOrc
3485 : SMOrc
3485 : SMOrc
3485 : SMOrc
3485 : SMOrc
3486 : SMOrc
3486 : SMOrc
3486 : SMOrc
3487 : sodaL
3488 : BibleThump
3488 : SMOrc
3488 : SMOrc
3488 : SMOrc
3488 : SMOrc
3488 : SMOrc
3488 : SMOrc
3488 : SMOrc
3488 : SMOrc
3488 : SMOrc
3488 : SMOrc
3488 : SMOrc
3488 : SMOrc
3488 : SMOrc
3488 : SMOrc
3488 : SMOrc
3488 : SMOrc
3488 : SMOrc
3488 : SMOrc
3488 : SMOrc
3488 : SMOrc
3489 : SMOrc
3490 : DansGame
3491 : HeyGuys
3491 : sodaL
3492 : SMOrc
3493 : SMOrc
3493 : SMOrc
3493 : SMOrc
3493 : SMOrc
3493 : SMOrc
3493 : SMOrc
3493 : SMOrc
3493 : SMOrc
3493 : SMOrc
3493 : sodaHeyGuys
3495 : Kappa
3495 : BabyRage
3495 : SMOrc
3496 : SMOrc
3496 : SMOrc
3496 : SMOrc
3496 : SMOrc
3496 : SMOrc
3497 : SMOrc
3498 : SMOrc
3498 : SMOrc
3498 : SMOrc
3498 : SMOrc
3498 : SMOrc
3498 : SMOrc
3498 : SMOrc
3498 : SMOrc
3498 : SMOrc
3498 : SMOrc
3498 : SMOrc
3498 : SMOrc
3498 : SMOrc
3498 : SMOrc
3498 : SMOrc
3499 : SMOrc
3499 : SMOrc
3500 : Kappa
3501 : SMOrc
3501 : SMOrc
3501 : SMOrc
3501 : SMOrc
3501 : SMOrc
3501 : SMOrc
3501 : SMOrc
3501 : SMOrc
3501 : SMOrc
3503 : sodaG
3504 : SMOrc
3506 : SMOrc
3506 : SMOrc
3506 : SMOrc
3506 : SMOrc
3506 : SMOrc
3506 : SMOrc
3506 : SMOrc
3506 : SMOrc
3506 : sodaFAB
3507 : SMOrc
3507 : SMOrc
3507 : SMOrc
3507 : SMOrc
3507 : SMOrc
3507 : SMOrc
3507 : SMOrc
3507 : SMOrc
3507 : SMOrc
3507 : SMOrc
3507 : SMOrc
3507 : SMOrc
3507 : SMOrc
3507 : SMOrc
3507 : SMOrc
3507 : SMOrc
3507 : SMOrc
3507 : SMOrc
3507 : SMOrc
3507 : SMOrc
3508 : SMOrc
3509 : SMOrc
3509 : SMOrc
3509 : SMOrc
3509 : SMOrc
3509 : SMOrc
3509 : VoteYea
3509 : VoteYea
3509 : VoteYea
3509 : VoteYea
3509 : VoteYea
3509 : SMOrc
3509 : SMOrc
3509 : SMOrc
3509 : SMOrc
3509 : SMOrc
3509 : SMOrc
3509 : SMOrc
3509 : SMOrc
3509 : SMOrc
3510 : SMOrc
3510 : SMOrc
3510 : SMOrc
3510 : SMOrc
3510 : SMOrc
3510 : SMOrc
3510 : SMOrc
3510 : SMOrc
3510 : SMOrc
3510 : SMOrc
3510 : SMOrc
3510 : SMOrc
3510 : SMOrc
3510 : SMOrc
3510 : SMOrc
3511 : SMOrc
3511 : SMOrc
3511 : SMOrc
3511 : SMOrc
3511 : SMOrc
3511 : SMOrc
3511 : SMOrc
3511 : SMOrc
3511 : SMOrc
3511 : SMOrc
3511 : SMOrc
3511 : SMOrc
3511 : SMOrc
3511 : SMOrc
3511 : SMOrc
3511 : SMOrc
3512 : SMOrc
3512 : SMOrc
3512 : SMOrc
3512 : SMOrc
3512 : SMOrc
3512 : SMOrc
3512 : SMOrc
3512 : SMOrc
3512 : SMOrc
3512 : SMOrc
3512 : SMOrc
3512 : SMOrc
3512 : SMOrc
3512 : SMOrc
3512 : SMOrc
3512 : SMOrc
3512 : SMOrc
3512 : Kappa
3513 : SMOrc
3513 : SMOrc
3513 : SMOrc
3513 : SMOrc
3513 : SMOrc
3513 : SMOrc
3513 : SMOrc
3513 : SMOrc
3513 : SMOrc
3513 : SMOrc
3513 : SMOrc
3513 : SMOrc
3513 : SMOrc
3513 : SMOrc
3513 : SMOrc
3513 : SMOrc
3513 : SMOrc
3515 : DansGame
3515 : DansGame
3515 : DansGame
3515 : DansGame
3517 : SMOrc
3517 : SMOrc
3517 : SMOrc
3517 : SMOrc
3517 : SMOrc
3517 : SMOrc
3517 : SMOrc
3518 : DatSheffy
3520 : SMOrc
3521 : SMOrc
3521 : SMOrc
3521 : SMOrc
3521 : SMOrc
3521 : SMOrc
3523 : SMOrc
3523 : SMOrc
3523 : SMOrc
3523 : SMOrc
3523 : SMOrc
3523 : SMOrc
3523 : SMOrc
3523 : SMOrc
3523 : SMOrc
3523 : SMOrc
3523 : Kappa
3524 : SMOrc
3524 : SMOrc
3524 : SMOrc
3524 : SMOrc
3524 : SMOrc
3524 : SMOrc
3524 : SMOrc
3524 : SMOrc
3524 : SMOrc
3524 : SMOrc
3524 : SMOrc
3524 : SMOrc
3524 : SMOrc
3524 : SMOrc
3524 : SMOrc
3524 : SMOrc
3524 : SMOrc
3524 : SMOrc
3526 : SMOrc
3526 : SMOrc
3526 : SMOrc
3526 : SMOrc
3526 : SMOrc
3526 : SMOrc
3526 : SMOrc
3526 : SMOrc
3526 : SMOrc
3526 : SMOrc
3526 : SMOrc
3526 : SMOrc
3526 : SMOrc
3526 : SMOrc
3526 : SMOrc
3526 : SMOrc
3526 : SMOrc
3526 : SMOrc
3527 : SMOrc
3527 : SMOrc
3527 : SMOrc
3527 : SMOrc
3527 : SMOrc
3527 : SMOrc
3527 : SMOrc
3527 : SMOrc
3527 : SMOrc
3527 : SMOrc
3527 : SMOrc
3527 : SMOrc
3527 : SMOrc
3527 : SMOrc
3527 : SMOrc
3529 : SMOrc
3529 : SMOrc
3529 : SMOrc
3529 : SMOrc
3529 : SMOrc
3529 : SMOrc
3529 : SMOrc
3529 : SMOrc
3529 : SMOrc
3529 : SMOrc
3529 : :D
3530 : SMOrc
3530 : SMOrc
3530 : SMOrc
3530 : SMOrc
3530 : SMOrc
3530 : SMOrc
3530 : SMOrc
3530 : SMOrc
3530 : SMOrc
3530 : SMOrc
3530 : SMOrc
3530 : SMOrc
3531 : SMOrc
3531 : SMOrc
3531 : SMOrc
3531 : SMOrc
3531 : SMOrc
3531 : SMOrc
3531 : SMOrc
3531 : SMOrc
3531 : SMOrc
3531 : SMOrc
3532 : SMOrc
3532 : SMOrc
3532 : SMOrc
3532 : SMOrc
3532 : SMOrc
3532 : SMOrc
3532 : SMOrc
3532 : SMOrc
3532 : SMOrc
3532 : SMOrc
3532 : SMOrc
3532 : SMOrc
3532 : SMOrc
3532 : SMOrc
3532 : SMOrc
3534 : SMOrc
3534 : SMOrc
3534 : SMOrc
3534 : SMOrc
3534 : SMOrc
3534 : SMOrc
3534 : SMOrc
3534 : SMOrc
3534 : SMOrc
3534 : SMOrc
3534 : SMOrc
3534 : SMOrc
3534 : SMOrc
3534 : SMOrc
3534 : SMOrc
3534 : SMOrc
3534 : SMOrc
3534 : SMOrc
3535 : SMOrc
3535 : SMOrc
3535 : SMOrc
3535 : SMOrc
3535 : SMOrc
3535 : SMOrc
3535 : SMOrc
3535 : SMOrc
3535 : SMOrc
3535 : SMOrc
3537 : SMOrc
3537 : SMOrc
3537 : SMOrc
3537 : SMOrc
3537 : SMOrc
3537 : SMOrc
3537 : SMOrc
3537 : SMOrc
3537 : SMOrc
3537 : SMOrc
3537 : SMOrc
3537 : SMOrc
3537 : SMOrc
3537 : SMOrc
3537 : SMOrc
3537 : SMOrc
3537 : SMOrc
3537 : SMOrc
3537 : SMOrc
3538 : sodaL
3538 : DansGame
3538 : DansGame
3539 : SMOrc
3539 : SMOrc
3539 : SMOrc
3539 : SMOrc
3539 : SMOrc
3539 : SMOrc
3539 : SMOrc
3539 : SMOrc
3539 : SMOrc
3539 : SMOrc
3539 : SMOrc
3539 : SMOrc
3539 : SMOrc
3539 : SMOrc
3539 : SMOrc
3544 : DansGame
3545 : SMOrc
3545 : SMOrc
3545 : SMOrc
3545 : SMOrc
3545 : SMOrc
3545 : SMOrc
3545 : SMOrc
3545 : SMOrc
3545 : SMOrc
3545 : SMOrc
3545 : SMOrc
3545 : SMOrc
3545 : SMOrc
3545 : SMOrc
3545 : SMOrc
3545 : SMOrc
3545 : SMOrc
3545 : SMOrc
3545 : SMOrc
3545 : SMOrc
3545 : SMOrc
3545 : SMOrc
3545 : SMOrc
3545 : SMOrc
3545 : SMOrc
3545 : SMOrc
3545 : SMOrc
3545 : SMOrc
3545 : SMOrc
3545 : SMOrc
3545 : SMOrc
3545 : SMOrc
3545 : SMOrc
3545 : SMOrc
3545 : SMOrc
3545 : SMOrc
3545 : SMOrc
3545 : SMOrc
3545 : SMOrc
3545 : SMOrc
3545 : SMOrc
3545 : SMOrc
3545 : SMOrc
3545 : SMOrc
3545 : SMOrc
3545 : SMOrc
3545 : SMOrc
3545 : SMOrc
3545 : SMOrc
3545 : SMOrc
3545 : SMOrc
3545 : SMOrc
3547 : BibleThump
3548 : SMOrc
3548 : SMOrc
3548 : SMOrc
3548 : SMOrc
3548 : SMOrc
3548 : SMOrc
3548 : SMOrc
3548 : SMOrc
3548 : SMOrc
3548 : SMOrc
3548 : SMOrc
3548 : SMOrc
3548 : SMOrc
3548 : SMOrc
3548 : SMOrc
3549 : SMOrc
3549 : SMOrc
3549 : SMOrc
3549 : SMOrc
3549 : SMOrc
3549 : SMOrc
3549 : SMOrc
3549 : SMOrc
3549 : SMOrc
3549 : SMOrc
3549 : SMOrc
3549 : SMOrc
3549 : SMOrc
3549 : SMOrc
3549 : SMOrc
3549 : SMOrc
3549 : SMOrc
3549 : SMOrc
3549 : SMOrc
3550 : SMOrc
3550 : SMOrc
3550 : SMOrc
3550 : SMOrc
3550 : SMOrc
3550 : SMOrc
3552 : KappaPride
3552 : sodaL
3554 : SMOrc
3554 : SMOrc
3554 : SMOrc
3554 : SMOrc
3554 : SMOrc
3554 : SMOrc
3554 : SMOrc
3554 : SMOrc
3554 : SMOrc
3554 : SMOrc
3554 : SMOrc
3554 : SMOrc
3554 : SMOrc
3554 : SMOrc
3554 : SMOrc
3554 : sodaG
3556 : SMOrc
3556 : SMOrc
3556 : SMOrc
3556 : SMOrc
3556 : SMOrc
3556 : SMOrc
3556 : SMOrc
3556 : SMOrc
3556 : SMOrc
3556 : SMOrc
3556 : SMOrc
3556 : SMOrc
3556 : SMOrc
3556 : SMOrc
3556 : SMOrc
3556 : SMOrc
3556 : SMOrc
3556 : SMOrc
3556 : SMOrc
3558 : sodaL
3558 : SMOrc
3558 : SMOrc
3558 : SMOrc
3558 : SMOrc
3558 : SMOrc
3558 : SMOrc
3558 : SMOrc
3559 : SMOrc
3559 : KappaPride
3559 : KappaPride
3560 : sodaL
3560 : anniesHi
3560 : anniesL
3560 : anniesW
3561 : :D
3564 : SMOrc
3569 : SMOrc
3571 : DansGame
3571 : DansGame
3571 : SMOrc
3571 : SMOrc
3571 : SMOrc
3571 : SMOrc
3571 : SMOrc
3571 : SMOrc
3571 : SMOrc
3571 : SMOrc
3571 : SMOrc
3571 : SMOrc
3571 : SMOrc
3571 : SMOrc
3571 : SMOrc
3571 : SMOrc
3571 : SMOrc
3571 : SMOrc
3571 : SMOrc
3571 : SMOrc
3571 : SMOrc
3571 : SMOrc
3571 : SMOrc
3572 : SMOrc
3572 : SMOrc
3572 : SMOrc
3572 : SMOrc
3572 : SMOrc
3572 : SMOrc
3572 : SMOrc
3572 : SMOrc
3572 : SMOrc
3572 : WutFace
3573 : SMOrc
3573 : SMOrc
3573 : SMOrc
3573 : SMOrc
3573 : SMOrc
3573 : SMOrc
3573 : SMOrc
3573 : SMOrc
3573 : SMOrc
3573 : SMOrc
3573 : SMOrc
3573 : SMOrc
3573 : SMOrc
3573 : SMOrc
3573 : SMOrc
3574 : KappaPride
3574 : KappaPride
3574 : KappaPride
3574 : SMOrc
3575 : DansGame
3576 : sodaG
3576 : SMOrc
3576 : SMOrc
3576 : SMOrc
3576 : SMOrc
3576 : SMOrc
3576 : SMOrc
3576 : SMOrc
3576 : SMOrc
3576 : SMOrc
3576 : SMOrc
3576 : SMOrc
3576 : SMOrc
3576 : SMOrc
3576 : SMOrc
3576 : SMOrc
3576 : KappaPride
3579 : KappaPride
3579 : KappaPride
3579 : KappaPride
3579 : KappaPride
3587 : DansGame
3592 : SMOrc
3592 : SMOrc
3592 : SMOrc
3592 : SMOrc
3592 : SMOrc
3592 : SMOrc
3592 : SMOrc
3592 : SMOrc
3592 : SMOrc
3592 : SMOrc
3592 : SMOrc
3592 : SMOrc
3592 : SMOrc
3592 : SMOrc
3592 : SMOrc
3592 : SMOrc
3592 : SMOrc
3592 : SMOrc
3592 : SMOrc
3592 : SMOrc
3592 : SMOrc
3592 : SMOrc
3592 : SMOrc
3592 : SMOrc
3597 : sodaG
3597 : sodaDS
3598 : SMOrc
3600 : Kappa
3600 : GivePLZ
3600 : TBCheesePull
3600 : Kappa
3600 : TBCheesePull
3600 : TakeNRG
